{"E:\\fuel-eu-maritime\\backend\\src\\app.ts": {"path":"E:\\fuel-eu-maritime\\backend\\src\\app.ts","statementMap":{"0":{"start":{"line":1,"column":1},"end":{"line":1,"column":48}},"1":{"start":{"line":2,"column":0},"end":{"line":2,"column":24}},"2":{"start":{"line":3,"column":0},"end":{"line":3,"column":28}},"3":{"start":{"line":4,"column":0},"end":{"line":4,"column":49}},"4":{"start":{"line":5,"column":0},"end":{"line":5,"column":61}},"5":{"start":{"line":6,"column":0},"end":{"line":6,"column":91}},"6":{"start":{"line":7,"column":0},"end":{"line":7,"column":86}},"7":{"start":{"line":10,"column":0},"end":{"line":10,"column":16}},"8":{"start":{"line":21,"column":4},"end":{"line":21,"column":25}},"9":{"start":{"line":22,"column":4},"end":{"line":22,"column":53}},"10":{"start":{"line":23,"column":4},"end":{"line":23,"column":37}},"11":{"start":{"line":25,"column":4},"end":{"line":25,"column":33}},"12":{"start":{"line":26,"column":4},"end":{"line":26,"column":28}},"13":{"start":{"line":27,"column":4},"end":{"line":27,"column":35}},"14":{"start":{"line":35,"column":4},"end":{"line":35,"column":36}},"15":{"start":{"line":38,"column":4},"end":{"line":38,"column":33}},"16":{"start":{"line":39,"column":4},"end":{"line":39,"column":57}},"17":{"start":{"line":42,"column":4},"end":{"line":42,"column":32}},"18":{"start":{"line":49,"column":19},"end":{"line":53,"column":null}},"19":{"start":{"line":56,"column":4},"end":{"line":56,"column":33}},"20":{"start":{"line":63,"column":4},"end":{"line":63,"column":34}},"21":{"start":{"line":64,"column":4},"end":{"line":64,"column":31}},"22":{"start":{"line":71,"column":4},"end":{"line":76,"column":7}},"23":{"start":{"line":72,"column":6},"end":{"line":72,"column":52}},"24":{"start":{"line":73,"column":6},"end":{"line":73,"column":69}},"25":{"start":{"line":74,"column":6},"end":{"line":74,"column":75}},"26":{"start":{"line":75,"column":6},"end":{"line":75,"column":65}},"27":{"start":{"line":83,"column":4},"end":{"line":83,"column":33}},"28":{"start":{"line":88,"column":20},"end":{"line":88,"column":29}},"29":{"start":{"line":89,"column":0},"end":{"line":89,"column":21}},"30":{"start":{"line":92,"column":0},"end":{"line":96,"column":3}},"31":{"start":{"line":93,"column":2},"end":{"line":93,"column":45}},"32":{"start":{"line":94,"column":2},"end":{"line":94,"column":28}},"33":{"start":{"line":95,"column":2},"end":{"line":95,"column":18}},"34":{"start":{"line":98,"column":0},"end":{"line":98,"column":19}}},"fnMap":{"0":{"name":"(anonymous_1)","decl":{"start":{"line":20,"column":2},"end":{"line":20,"column":null}},"loc":{"start":{"line":20,"column":2},"end":{"line":28,"column":3}}},"1":{"name":"(anonymous_2)","decl":{"start":{"line":33,"column":10},"end":{"line":33,"column":31}},"loc":{"start":{"line":33,"column":31},"end":{"line":43,"column":3}}},"2":{"name":"(anonymous_3)","decl":{"start":{"line":48,"column":10},"end":{"line":48,"column":26}},"loc":{"start":{"line":48,"column":26},"end":{"line":57,"column":3}}},"3":{"name":"(anonymous_4)","decl":{"start":{"line":62,"column":10},"end":{"line":62,"column":33}},"loc":{"start":{"line":62,"column":33},"end":{"line":65,"column":3}}},"4":{"name":"(anonymous_5)","decl":{"start":{"line":70,"column":9},"end":{"line":70,"column":15}},"loc":{"start":{"line":70,"column":15},"end":{"line":77,"column":3}}},"5":{"name":"(anonymous_6)","decl":{"start":{"line":71,"column":31},"end":{"line":71,"column":34}},"loc":{"start":{"line":71,"column":36},"end":{"line":76,"column":5}}},"6":{"name":"(anonymous_7)","decl":{"start":{"line":82,"column":9},"end":{"line":82,"column":14}},"loc":{"start":{"line":82,"column":20},"end":{"line":84,"column":3}}},"7":{"name":"(anonymous_8)","decl":{"start":{"line":92,"column":21},"end":{"line":92,"column":26}},"loc":{"start":{"line":92,"column":32},"end":{"line":96,"column":1}}}},"branchMap":{"0":{"loc":{"start":{"line":22,"column":25},"end":{"line":22,"column":51}},"type":"binary-expr","locations":[{"start":{"line":22,"column":25},"end":{"line":22,"column":41}},{"start":{"line":22,"column":45},"end":{"line":22,"column":51}}]},"1":{"loc":{"start":{"line":74,"column":34},"end":{"line":74,"column":71}},"type":"binary-expr","locations":[{"start":{"line":74,"column":34},"end":{"line":74,"column":54}},{"start":{"line":74,"column":58},"end":{"line":74,"column":71}}]}},"s":{"0":2,"1":2,"2":2,"3":2,"4":2,"5":2,"6":2,"7":2,"8":4,"9":4,"10":4,"11":4,"12":4,"13":4,"14":4,"15":4,"16":4,"17":4,"18":4,"19":4,"20":4,"21":4,"22":2,"23":2,"24":2,"25":2,"26":2,"27":2,"28":2,"29":2,"30":2,"31":0,"32":0,"33":0,"34":2},"f":{"0":4,"1":4,"2":4,"3":4,"4":2,"5":2,"6":2,"7":0},"b":{"0":[4,4],"1":[2,0]}}
,"E:\\fuel-eu-maritime\\backend\\src\\adapters\\container.ts": {"path":"E:\\fuel-eu-maritime\\backend\\src\\adapters\\container.ts","statementMap":{"0":{"start":{"line":1,"column":0},"end":{"line":1,"column":46}},"1":{"start":{"line":4,"column":0},"end":{"line":4,"column":86}},"2":{"start":{"line":5,"column":0},"end":{"line":5,"column":96}},"3":{"start":{"line":6,"column":0},"end":{"line":6,"column":90}},"4":{"start":{"line":7,"column":0},"end":{"line":7,"column":90}},"5":{"start":{"line":10,"column":0},"end":{"line":10,"column":69}},"6":{"start":{"line":11,"column":0},"end":{"line":11,"column":67}},"7":{"start":{"line":12,"column":0},"end":{"line":12,"column":71}},"8":{"start":{"line":13,"column":0},"end":{"line":13,"column":67}},"9":{"start":{"line":14,"column":0},"end":{"line":14,"column":75}},"10":{"start":{"line":15,"column":0},"end":{"line":15,"column":68}},"11":{"start":{"line":16,"column":0},"end":{"line":16,"column":68}},"12":{"start":{"line":17,"column":0},"end":{"line":17,"column":66}},"13":{"start":{"line":20,"column":0},"end":{"line":20,"column":72}},"14":{"start":{"line":21,"column":0},"end":{"line":21,"column":86}},"15":{"start":{"line":22,"column":0},"end":{"line":22,"column":77}},"16":{"start":{"line":23,"column":0},"end":{"line":23,"column":77}},"17":{"start":{"line":57,"column":4},"end":{"line":57,"column":37}},"18":{"start":{"line":60,"column":4},"end":{"line":60,"column":60}},"19":{"start":{"line":61,"column":4},"end":{"line":61,"column":70}},"20":{"start":{"line":62,"column":4},"end":{"line":62,"column":64}},"21":{"start":{"line":63,"column":4},"end":{"line":63,"column":64}},"22":{"start":{"line":66,"column":4},"end":{"line":66,"column":63}},"23":{"start":{"line":67,"column":4},"end":{"line":67,"column":61}},"24":{"start":{"line":68,"column":4},"end":{"line":68,"column":65}},"25":{"start":{"line":70,"column":4},"end":{"line":73,"column":6}},"26":{"start":{"line":75,"column":4},"end":{"line":78,"column":6}},"27":{"start":{"line":80,"column":4},"end":{"line":83,"column":6}},"28":{"start":{"line":85,"column":4},"end":{"line":88,"column":6}},"29":{"start":{"line":90,"column":4},"end":{"line":93,"column":6}},"30":{"start":{"line":96,"column":4},"end":{"line":100,"column":6}},"31":{"start":{"line":102,"column":4},"end":{"line":105,"column":6}},"32":{"start":{"line":107,"column":4},"end":{"line":111,"column":6}},"33":{"start":{"line":113,"column":4},"end":{"line":116,"column":6}},"34":{"start":{"line":123,"column":4},"end":{"line":123,"column":36}},"35":{"start":{"line":29,"column":0},"end":{"line":29,"column":13}}},"fnMap":{"0":{"name":"(anonymous_0)","decl":{"start":{"line":55,"column":2},"end":{"line":55,"column":null}},"loc":{"start":{"line":55,"column":2},"end":{"line":117,"column":3}}},"1":{"name":"(anonymous_1)","decl":{"start":{"line":122,"column":2},"end":{"line":122,"column":7}},"loc":{"start":{"line":122,"column":13},"end":{"line":124,"column":3}}}},"branchMap":{},"s":{"0":2,"1":2,"2":2,"3":2,"4":2,"5":2,"6":2,"7":2,"8":2,"9":2,"10":2,"11":2,"12":2,"13":2,"14":2,"15":2,"16":2,"17":4,"18":4,"19":4,"20":4,"21":4,"22":4,"23":4,"24":4,"25":4,"26":4,"27":4,"28":4,"29":4,"30":4,"31":4,"32":4,"33":4,"34":2,"35":2},"f":{"0":4,"1":2},"b":{}}
,"E:\\fuel-eu-maritime\\backend\\src\\adapters\\inbound\\http\\routes.ts": {"path":"E:\\fuel-eu-maritime\\backend\\src\\adapters\\inbound\\http\\routes.ts","statementMap":{"0":{"start":{"line":10,"column":0},"end":{"line":10,"column":16}},"1":{"start":{"line":1,"column":0},"end":{"line":1,"column":33}},"2":{"start":{"line":16,"column":17},"end":{"line":16,"column":25}},"3":{"start":{"line":19,"column":2},"end":{"line":21,"column":5}},"4":{"start":{"line":20,"column":4},"end":{"line":20,"column":68}},"5":{"start":{"line":24,"column":2},"end":{"line":24,"column":48}},"6":{"start":{"line":25,"column":2},"end":{"line":25,"column":77}},"7":{"start":{"line":26,"column":2},"end":{"line":26,"column":66}},"8":{"start":{"line":29,"column":2},"end":{"line":29,"column":74}},"9":{"start":{"line":30,"column":2},"end":{"line":30,"column":81}},"10":{"start":{"line":33,"column":2},"end":{"line":33,"column":63}},"11":{"start":{"line":34,"column":2},"end":{"line":34,"column":55}},"12":{"start":{"line":35,"column":2},"end":{"line":35,"column":57}},"13":{"start":{"line":38,"column":2},"end":{"line":38,"column":50}},"14":{"start":{"line":39,"column":2},"end":{"line":39,"column":52}},"15":{"start":{"line":41,"column":2},"end":{"line":41,"column":16}}},"fnMap":{"0":{"name":"setupRoutes","decl":{"start":{"line":10,"column":16},"end":{"line":10,"column":27}},"loc":{"start":{"line":14,"column":38},"end":{"line":42,"column":1}}},"1":{"name":"(anonymous_1)","decl":{"start":{"line":19,"column":24},"end":{"line":19,"column":25}},"loc":{"start":{"line":19,"column":37},"end":{"line":21,"column":3}}}},"branchMap":{},"s":{"0":2,"1":2,"2":4,"3":4,"4":0,"5":4,"6":4,"7":4,"8":4,"9":4,"10":4,"11":4,"12":4,"13":4,"14":4,"15":4},"f":{"0":4,"1":0},"b":{}}
,"E:\\fuel-eu-maritime\\backend\\src\\adapters\\inbound\\http\\banking\\BankingController.ts": {"path":"E:\\fuel-eu-maritime\\backend\\src\\adapters\\inbound\\http\\banking\\BankingController.ts","statementMap":{"0":{"start":{"line":5,"column":0},"end":{"line":5,"column":58}},"1":{"start":{"line":13,"column":21},"end":{"line":13,"column":45}},"2":{"start":{"line":14,"column":21},"end":{"line":14,"column":45}},"3":{"start":{"line":15,"column":21},"end":{"line":15,"column":58}},"4":{"start":{"line":22,"column":2},"end":{"line":59,"column":4}},"5":{"start":{"line":23,"column":4},"end":{"line":58,"column":5}},"6":{"start":{"line":24,"column":31},"end":{"line":24,"column":40}},"7":{"start":{"line":26,"column":6},"end":{"line":32,"column":7}},"8":{"start":{"line":27,"column":8},"end":{"line":30,"column":11}},"9":{"start":{"line":31,"column":8},"end":{"line":31,"column":15}},"10":{"start":{"line":35,"column":6},"end":{"line":42,"column":7}},"11":{"start":{"line":36,"column":8},"end":{"line":39,"column":10}},"12":{"start":{"line":41,"column":8},"end":{"line":41,"column":85}},"13":{"start":{"line":44,"column":29},"end":{"line":44,"column":93}},"14":{"start":{"line":46,"column":6},"end":{"line":52,"column":9}},"15":{"start":{"line":54,"column":6},"end":{"line":57,"column":9}},"16":{"start":{"line":66,"column":2},"end":{"line":95,"column":4}},"17":{"start":{"line":67,"column":4},"end":{"line":94,"column":5}},"18":{"start":{"line":68,"column":39},"end":{"line":68,"column":47}},"19":{"start":{"line":70,"column":6},"end":{"line":76,"column":7}},"20":{"start":{"line":71,"column":8},"end":{"line":74,"column":11}},"21":{"start":{"line":75,"column":8},"end":{"line":75,"column":15}},"22":{"start":{"line":78,"column":21},"end":{"line":82,"column":8}},"23":{"start":{"line":84,"column":6},"end":{"line":88,"column":9}},"24":{"start":{"line":90,"column":6},"end":{"line":93,"column":9}},"25":{"start":{"line":102,"column":2},"end":{"line":131,"column":4}},"26":{"start":{"line":103,"column":4},"end":{"line":130,"column":5}},"27":{"start":{"line":104,"column":39},"end":{"line":104,"column":47}},"28":{"start":{"line":106,"column":6},"end":{"line":112,"column":7}},"29":{"start":{"line":107,"column":8},"end":{"line":110,"column":11}},"30":{"start":{"line":111,"column":8},"end":{"line":111,"column":15}},"31":{"start":{"line":114,"column":21},"end":{"line":118,"column":8}},"32":{"start":{"line":120,"column":6},"end":{"line":124,"column":9}},"33":{"start":{"line":126,"column":6},"end":{"line":129,"column":9}},"34":{"start":{"line":11,"column":0},"end":{"line":11,"column":13}}},"fnMap":{"0":{"name":"(anonymous_0)","decl":{"start":{"line":12,"column":2},"end":{"line":12,"column":null}},"loc":{"start":{"line":15,"column":58},"end":{"line":16,"column":6}}},"1":{"name":"(anonymous_1)","decl":{"start":{"line":22,"column":15},"end":{"line":22,"column":20}},"loc":{"start":{"line":22,"column":68},"end":{"line":59,"column":3}}},"2":{"name":"(anonymous_2)","decl":{"start":{"line":66,"column":9},"end":{"line":66,"column":14}},"loc":{"start":{"line":66,"column":62},"end":{"line":95,"column":3}}},"3":{"name":"(anonymous_3)","decl":{"start":{"line":102,"column":10},"end":{"line":102,"column":15}},"loc":{"start":{"line":102,"column":63},"end":{"line":131,"column":3}}}},"branchMap":{"0":{"loc":{"start":{"line":26,"column":6},"end":{"line":32,"column":7}},"type":"if","locations":[{"start":{"line":26,"column":6},"end":{"line":32,"column":7}},{"start":{},"end":{}}]},"1":{"loc":{"start":{"line":35,"column":6},"end":{"line":42,"column":7}},"type":"if","locations":[{"start":{"line":35,"column":6},"end":{"line":42,"column":7}},{"start":{"line":40,"column":13},"end":{"line":42,"column":7}}]},"2":{"loc":{"start":{"line":56,"column":15},"end":{"line":56,"column":71}},"type":"cond-expr","locations":[{"start":{"line":56,"column":40},"end":{"line":56,"column":53}},{"start":{"line":56,"column":56},"end":{"line":56,"column":71}}]},"3":{"loc":{"start":{"line":70,"column":6},"end":{"line":76,"column":7}},"type":"if","locations":[{"start":{"line":70,"column":6},"end":{"line":76,"column":7}},{"start":{},"end":{}}]},"4":{"loc":{"start":{"line":70,"column":10},"end":{"line":70,"column":37}},"type":"binary-expr","locations":[{"start":{"line":70,"column":10},"end":{"line":70,"column":17}},{"start":{"line":70,"column":21},"end":{"line":70,"column":26}},{"start":{"line":70,"column":30},"end":{"line":70,"column":37}}]},"5":{"loc":{"start":{"line":92,"column":15},"end":{"line":92,"column":71}},"type":"cond-expr","locations":[{"start":{"line":92,"column":40},"end":{"line":92,"column":53}},{"start":{"line":92,"column":56},"end":{"line":92,"column":71}}]},"6":{"loc":{"start":{"line":106,"column":6},"end":{"line":112,"column":7}},"type":"if","locations":[{"start":{"line":106,"column":6},"end":{"line":112,"column":7}},{"start":{},"end":{}}]},"7":{"loc":{"start":{"line":106,"column":10},"end":{"line":106,"column":37}},"type":"binary-expr","locations":[{"start":{"line":106,"column":10},"end":{"line":106,"column":17}},{"start":{"line":106,"column":21},"end":{"line":106,"column":26}},{"start":{"line":106,"column":30},"end":{"line":106,"column":37}}]},"8":{"loc":{"start":{"line":128,"column":15},"end":{"line":128,"column":71}},"type":"cond-expr","locations":[{"start":{"line":128,"column":40},"end":{"line":128,"column":53}},{"start":{"line":128,"column":56},"end":{"line":128,"column":71}}]}},"s":{"0":2,"1":4,"2":4,"3":4,"4":4,"5":2,"6":2,"7":2,"8":1,"9":1,"10":1,"11":0,"12":1,"13":0,"14":0,"15":1,"16":4,"17":2,"18":2,"19":2,"20":1,"21":1,"22":1,"23":0,"24":1,"25":4,"26":1,"27":1,"28":1,"29":0,"30":0,"31":1,"32":0,"33":1,"34":2},"f":{"0":4,"1":2,"2":2,"3":1},"b":{"0":[1,1],"1":[0,1],"2":[1,0],"3":[1,1],"4":[2,2,1],"5":[1,0],"6":[0,1],"7":[1,1,1],"8":[1,0]}}
,"E:\\fuel-eu-maritime\\backend\\src\\adapters\\inbound\\http\\compliance\\ComplianceController.ts": {"path":"E:\\fuel-eu-maritime\\backend\\src\\adapters\\inbound\\http\\compliance\\ComplianceController.ts","statementMap":{"0":{"start":{"line":4,"column":0},"end":{"line":4,"column":58}},"1":{"start":{"line":12,"column":21},"end":{"line":12,"column":41}},"2":{"start":{"line":13,"column":21},"end":{"line":13,"column":49}},"3":{"start":{"line":20,"column":2},"end":{"line":48,"column":4}},"4":{"start":{"line":21,"column":4},"end":{"line":47,"column":5}},"5":{"start":{"line":22,"column":40},"end":{"line":22,"column":49}},"6":{"start":{"line":24,"column":6},"end":{"line":30,"column":7}},"7":{"start":{"line":25,"column":8},"end":{"line":28,"column":11}},"8":{"start":{"line":29,"column":8},"end":{"line":29,"column":15}},"9":{"start":{"line":32,"column":21},"end":{"line":36,"column":8}},"10":{"start":{"line":38,"column":6},"end":{"line":41,"column":9}},"11":{"start":{"line":43,"column":6},"end":{"line":46,"column":9}},"12":{"start":{"line":54,"column":2},"end":{"line":81,"column":4}},"13":{"start":{"line":55,"column":4},"end":{"line":80,"column":5}},"14":{"start":{"line":56,"column":31},"end":{"line":56,"column":40}},"15":{"start":{"line":58,"column":6},"end":{"line":64,"column":7}},"16":{"start":{"line":59,"column":8},"end":{"line":62,"column":11}},"17":{"start":{"line":63,"column":8},"end":{"line":63,"column":15}},"18":{"start":{"line":66,"column":21},"end":{"line":68,"column":null}},"19":{"start":{"line":71,"column":6},"end":{"line":74,"column":9}},"20":{"start":{"line":76,"column":6},"end":{"line":79,"column":9}},"21":{"start":{"line":10,"column":0},"end":{"line":10,"column":13}}},"fnMap":{"0":{"name":"(anonymous_0)","decl":{"start":{"line":11,"column":2},"end":{"line":11,"column":null}},"loc":{"start":{"line":13,"column":49},"end":{"line":14,"column":6}}},"1":{"name":"(anonymous_1)","decl":{"start":{"line":20,"column":25},"end":{"line":20,"column":30}},"loc":{"start":{"line":20,"column":78},"end":{"line":48,"column":3}}},"2":{"name":"(anonymous_2)","decl":{"start":{"line":54,"column":23},"end":{"line":54,"column":28}},"loc":{"start":{"line":54,"column":76},"end":{"line":81,"column":3}}}},"branchMap":{"0":{"loc":{"start":{"line":24,"column":6},"end":{"line":30,"column":7}},"type":"if","locations":[{"start":{"line":24,"column":6},"end":{"line":30,"column":7}},{"start":{},"end":{}}]},"1":{"loc":{"start":{"line":24,"column":10},"end":{"line":24,"column":38}},"type":"binary-expr","locations":[{"start":{"line":24,"column":10},"end":{"line":24,"column":17}},{"start":{"line":24,"column":21},"end":{"line":24,"column":26}},{"start":{"line":24,"column":30},"end":{"line":24,"column":38}}]},"2":{"loc":{"start":{"line":45,"column":15},"end":{"line":45,"column":71}},"type":"cond-expr","locations":[{"start":{"line":45,"column":40},"end":{"line":45,"column":53}},{"start":{"line":45,"column":56},"end":{"line":45,"column":71}}]},"3":{"loc":{"start":{"line":58,"column":6},"end":{"line":64,"column":7}},"type":"if","locations":[{"start":{"line":58,"column":6},"end":{"line":64,"column":7}},{"start":{},"end":{}}]},"4":{"loc":{"start":{"line":58,"column":10},"end":{"line":58,"column":26}},"type":"binary-expr","locations":[{"start":{"line":58,"column":10},"end":{"line":58,"column":17}},{"start":{"line":58,"column":21},"end":{"line":58,"column":26}}]},"5":{"loc":{"start":{"line":78,"column":15},"end":{"line":78,"column":71}},"type":"cond-expr","locations":[{"start":{"line":78,"column":40},"end":{"line":78,"column":53}},{"start":{"line":78,"column":56},"end":{"line":78,"column":71}}]}},"s":{"0":2,"1":4,"2":4,"3":4,"4":0,"5":0,"6":0,"7":0,"8":0,"9":0,"10":0,"11":0,"12":4,"13":0,"14":0,"15":0,"16":0,"17":0,"18":0,"19":0,"20":0,"21":2},"f":{"0":4,"1":0,"2":0},"b":{"0":[0,0],"1":[0,0,0],"2":[0,0],"3":[0,0],"4":[0,0],"5":[0,0]}}
,"E:\\fuel-eu-maritime\\backend\\src\\adapters\\inbound\\http\\pooling\\PoolingController.ts": {"path":"E:\\fuel-eu-maritime\\backend\\src\\adapters\\inbound\\http\\pooling\\PoolingController.ts","statementMap":{"0":{"start":{"line":4,"column":0},"end":{"line":4,"column":58}},"1":{"start":{"line":12,"column":21},"end":{"line":12,"column":43}},"2":{"start":{"line":13,"column":21},"end":{"line":13,"column":58}},"3":{"start":{"line":21,"column":2},"end":{"line":49,"column":4}},"4":{"start":{"line":22,"column":4},"end":{"line":48,"column":5}},"5":{"start":{"line":23,"column":38},"end":{"line":23,"column":46}},"6":{"start":{"line":25,"column":6},"end":{"line":31,"column":7}},"7":{"start":{"line":26,"column":8},"end":{"line":29,"column":11}},"8":{"start":{"line":30,"column":8},"end":{"line":30,"column":15}},"9":{"start":{"line":33,"column":19},"end":{"line":36,"column":8}},"10":{"start":{"line":38,"column":6},"end":{"line":42,"column":9}},"11":{"start":{"line":44,"column":6},"end":{"line":47,"column":9}},"12":{"start":{"line":55,"column":2},"end":{"line":80,"column":4}},"13":{"start":{"line":56,"column":4},"end":{"line":79,"column":5}},"14":{"start":{"line":57,"column":23},"end":{"line":57,"column":32}},"15":{"start":{"line":59,"column":6},"end":{"line":65,"column":7}},"16":{"start":{"line":60,"column":8},"end":{"line":63,"column":11}},"17":{"start":{"line":64,"column":8},"end":{"line":64,"column":15}},"18":{"start":{"line":67,"column":20},"end":{"line":67,"column":85}},"19":{"start":{"line":69,"column":6},"end":{"line":73,"column":9}},"20":{"start":{"line":75,"column":6},"end":{"line":78,"column":9}},"21":{"start":{"line":10,"column":0},"end":{"line":10,"column":13}}},"fnMap":{"0":{"name":"(anonymous_0)","decl":{"start":{"line":11,"column":2},"end":{"line":11,"column":null}},"loc":{"start":{"line":13,"column":58},"end":{"line":14,"column":6}}},"1":{"name":"(anonymous_1)","decl":{"start":{"line":21,"column":11},"end":{"line":21,"column":16}},"loc":{"start":{"line":21,"column":64},"end":{"line":49,"column":3}}},"2":{"name":"(anonymous_2)","decl":{"start":{"line":55,"column":14},"end":{"line":55,"column":19}},"loc":{"start":{"line":55,"column":67},"end":{"line":80,"column":3}}}},"branchMap":{"0":{"loc":{"start":{"line":25,"column":6},"end":{"line":31,"column":7}},"type":"if","locations":[{"start":{"line":25,"column":6},"end":{"line":31,"column":7}},{"start":{},"end":{}}]},"1":{"loc":{"start":{"line":25,"column":10},"end":{"line":25,"column":66}},"type":"binary-expr","locations":[{"start":{"line":25,"column":10},"end":{"line":25,"column":15}},{"start":{"line":25,"column":19},"end":{"line":25,"column":33}},{"start":{"line":25,"column":37},"end":{"line":25,"column":66}}]},"2":{"loc":{"start":{"line":46,"column":15},"end":{"line":46,"column":71}},"type":"cond-expr","locations":[{"start":{"line":46,"column":40},"end":{"line":46,"column":53}},{"start":{"line":46,"column":56},"end":{"line":46,"column":71}}]},"3":{"loc":{"start":{"line":59,"column":6},"end":{"line":65,"column":7}},"type":"if","locations":[{"start":{"line":59,"column":6},"end":{"line":65,"column":7}},{"start":{},"end":{}}]},"4":{"loc":{"start":{"line":77,"column":15},"end":{"line":77,"column":71}},"type":"cond-expr","locations":[{"start":{"line":77,"column":40},"end":{"line":77,"column":53}},{"start":{"line":77,"column":56},"end":{"line":77,"column":71}}]}},"s":{"0":2,"1":4,"2":4,"3":4,"4":0,"5":0,"6":0,"7":0,"8":0,"9":0,"10":0,"11":0,"12":4,"13":0,"14":0,"15":0,"16":0,"17":0,"18":0,"19":0,"20":0,"21":2},"f":{"0":4,"1":0,"2":0},"b":{"0":[0,0],"1":[0,0,0],"2":[0,0],"3":[0,0],"4":[0,0]}}
,"E:\\fuel-eu-maritime\\backend\\src\\adapters\\inbound\\http\\routes\\RouteController.ts": {"path":"E:\\fuel-eu-maritime\\backend\\src\\adapters\\inbound\\http\\routes\\RouteController.ts","statementMap":{"0":{"start":{"line":5,"column":0},"end":{"line":5,"column":58}},"1":{"start":{"line":13,"column":21},"end":{"line":13,"column":47}},"2":{"start":{"line":14,"column":21},"end":{"line":14,"column":45}},"3":{"start":{"line":15,"column":21},"end":{"line":15,"column":49}},"4":{"start":{"line":22,"column":2},"end":{"line":45,"column":4}},"5":{"start":{"line":23,"column":4},"end":{"line":44,"column":5}},"6":{"start":{"line":24,"column":45},"end":{"line":24,"column":54}},"7":{"start":{"line":26,"column":21},"end":{"line":30,"column":8}},"8":{"start":{"line":32,"column":21},"end":{"line":32,"column":60}},"9":{"start":{"line":34,"column":6},"end":{"line":38,"column":9}},"10":{"start":{"line":40,"column":6},"end":{"line":43,"column":9}},"11":{"start":{"line":51,"column":2},"end":{"line":72,"column":4}},"12":{"start":{"line":52,"column":4},"end":{"line":71,"column":5}},"13":{"start":{"line":53,"column":26},"end":{"line":53,"column":36}},"14":{"start":{"line":55,"column":20},"end":{"line":55,"column":59}},"15":{"start":{"line":57,"column":6},"end":{"line":61,"column":9}},"16":{"start":{"line":63,"column":25},"end":{"line":65,"column":42}},"17":{"start":{"line":67,"column":6},"end":{"line":70,"column":9}},"18":{"start":{"line":78,"column":2},"end":{"line":96,"column":4}},"19":{"start":{"line":79,"column":4},"end":{"line":95,"column":5}},"20":{"start":{"line":80,"column":21},"end":{"line":80,"column":55}},"21":{"start":{"line":82,"column":6},"end":{"line":85,"column":9}},"22":{"start":{"line":87,"column":25},"end":{"line":89,"column":42}},"23":{"start":{"line":91,"column":6},"end":{"line":94,"column":9}},"24":{"start":{"line":11,"column":0},"end":{"line":11,"column":13}}},"fnMap":{"0":{"name":"(anonymous_0)","decl":{"start":{"line":12,"column":2},"end":{"line":12,"column":null}},"loc":{"start":{"line":15,"column":49},"end":{"line":16,"column":6}}},"1":{"name":"(anonymous_1)","decl":{"start":{"line":22,"column":11},"end":{"line":22,"column":16}},"loc":{"start":{"line":22,"column":64},"end":{"line":45,"column":3}}},"2":{"name":"(anonymous_2)","decl":{"start":{"line":51,"column":21},"end":{"line":51,"column":26}},"loc":{"start":{"line":51,"column":74},"end":{"line":72,"column":3}}},"3":{"name":"(anonymous_3)","decl":{"start":{"line":78,"column":18},"end":{"line":78,"column":23}},"loc":{"start":{"line":78,"column":71},"end":{"line":96,"column":3}}}},"branchMap":{"0":{"loc":{"start":{"line":29,"column":14},"end":{"line":29,"column":57}},"type":"cond-expr","locations":[{"start":{"line":29,"column":21},"end":{"line":29,"column":45}},{"start":{"line":29,"column":48},"end":{"line":29,"column":57}}]},"1":{"loc":{"start":{"line":42,"column":15},"end":{"line":42,"column":71}},"type":"cond-expr","locations":[{"start":{"line":42,"column":40},"end":{"line":42,"column":53}},{"start":{"line":42,"column":56},"end":{"line":42,"column":71}}]},"2":{"loc":{"start":{"line":63,"column":25},"end":{"line":65,"column":42}},"type":"cond-expr","locations":[{"start":{"line":64,"column":10},"end":{"line":64,"column":30}},{"start":{"line":65,"column":10},"end":{"line":65,"column":42}}]},"3":{"loc":{"start":{"line":63,"column":25},"end":{"line":63,"column":86}},"type":"binary-expr","locations":[{"start":{"line":63,"column":25},"end":{"line":63,"column":47}},{"start":{"line":63,"column":51},"end":{"line":63,"column":86}}]},"4":{"loc":{"start":{"line":69,"column":15},"end":{"line":69,"column":71}},"type":"cond-expr","locations":[{"start":{"line":69,"column":40},"end":{"line":69,"column":53}},{"start":{"line":69,"column":56},"end":{"line":69,"column":71}}]},"5":{"loc":{"start":{"line":87,"column":25},"end":{"line":89,"column":42}},"type":"cond-expr","locations":[{"start":{"line":88,"column":10},"end":{"line":88,"column":32}},{"start":{"line":89,"column":10},"end":{"line":89,"column":42}}]},"6":{"loc":{"start":{"line":87,"column":25},"end":{"line":87,"column":88}},"type":"binary-expr","locations":[{"start":{"line":87,"column":25},"end":{"line":87,"column":47}},{"start":{"line":87,"column":51},"end":{"line":87,"column":88}}]},"7":{"loc":{"start":{"line":93,"column":15},"end":{"line":93,"column":71}},"type":"cond-expr","locations":[{"start":{"line":93,"column":40},"end":{"line":93,"column":53}},{"start":{"line":93,"column":56},"end":{"line":93,"column":71}}]}},"s":{"0":2,"1":4,"2":4,"3":4,"4":4,"5":3,"6":3,"7":3,"8":3,"9":0,"10":3,"11":4,"12":2,"13":2,"14":2,"15":0,"16":2,"17":2,"18":4,"19":2,"20":2,"21":0,"22":2,"23":2,"24":2},"f":{"0":4,"1":3,"2":2,"3":2},"b":{"0":[1,2],"1":[3,0],"2":[2,0],"3":[2,2],"4":[2,0],"5":[0,2],"6":[2,2],"7":[2,0]}}
,"E:\\fuel-eu-maritime\\backend\\src\\adapters\\inbound\\middleware\\errorHandler.ts": {"path":"E:\\fuel-eu-maritime\\backend\\src\\adapters\\inbound\\middleware\\errorHandler.ts","statementMap":{"0":{"start":{"line":2,"column":0},"end":{"line":2,"column":55}},"1":{"start":{"line":7,"column":28},"end":{"line":20,"column":1}},"2":{"start":{"line":13,"column":2},"end":{"line":13,"column":33}},"3":{"start":{"line":15,"column":2},"end":{"line":19,"column":5}},"4":{"start":{"line":7,"column":13},"end":{"line":7,"column":28}},"5":{"start":{"line":25,"column":31},"end":{"line":30,"column":1}},"6":{"start":{"line":26,"column":2},"end":{"line":29,"column":5}},"7":{"start":{"line":25,"column":13},"end":{"line":25,"column":31}}},"fnMap":{"0":{"name":"(anonymous_0)","decl":{"start":{"line":7,"column":28},"end":{"line":7,"column":null}},"loc":{"start":{"line":12,"column":10},"end":{"line":20,"column":1}}},"1":{"name":"(anonymous_1)","decl":{"start":{"line":25,"column":31},"end":{"line":25,"column":32}},"loc":{"start":{"line":25,"column":69},"end":{"line":30,"column":1}}}},"branchMap":{"0":{"loc":{"start":{"line":17,"column":11},"end":{"line":17,"column":51}},"type":"binary-expr","locations":[{"start":{"line":17,"column":11},"end":{"line":17,"column":24}},{"start":{"line":17,"column":28},"end":{"line":17,"column":51}}]},"1":{"loc":{"start":{"line":18,"column":8},"end":{"line":18,"column":72}},"type":"binary-expr","locations":[{"start":{"line":18,"column":8},"end":{"line":18,"column":46}},{"start":{"line":18,"column":50},"end":{"line":18,"column":72}}]}},"s":{"0":2,"1":2,"2":0,"3":0,"4":2,"5":2,"6":0,"7":2},"f":{"0":0,"1":0},"b":{"0":[0,0],"1":[0,0]}}
,"E:\\fuel-eu-maritime\\backend\\src\\adapters\\inbound\\middleware\\validation.ts": {"path":"E:\\fuel-eu-maritime\\backend\\src\\adapters\\inbound\\middleware\\validation.ts","statementMap":{"0":{"start":{"line":7,"column":29},"end":{"line":10,"column":1}},"1":{"start":{"line":8,"column":2},"end":{"line":8,"column":73}},"2":{"start":{"line":9,"column":2},"end":{"line":9,"column":9}},"3":{"start":{"line":7,"column":13},"end":{"line":7,"column":29}},"4":{"start":{"line":15,"column":13},"end":{"line":19,"column":2}}},"fnMap":{"0":{"name":"(anonymous_0)","decl":{"start":{"line":7,"column":29},"end":{"line":7,"column":30}},"loc":{"start":{"line":7,"column":87},"end":{"line":10,"column":1}}}},"branchMap":{"0":{"loc":{"start":{"line":16,"column":10},"end":{"line":16,"column":60}},"type":"binary-expr","locations":[{"start":{"line":16,"column":10},"end":{"line":16,"column":33}},{"start":{"line":16,"column":37},"end":{"line":16,"column":60}}]}},"s":{"0":2,"1":12,"2":12,"3":2,"4":2},"f":{"0":12},"b":{"0":[2,2]}}
,"E:\\fuel-eu-maritime\\backend\\src\\adapters\\outbound\\persistence\\repositories\\BankingRepository.ts": {"path":"E:\\fuel-eu-maritime\\backend\\src\\adapters\\outbound\\persistence\\repositories\\BankingRepository.ts","statementMap":{"0":{"start":{"line":2,"column":0},"end":{"line":2,"column":71}},"1":{"start":{"line":10,"column":31},"end":{"line":10,"column":51}},"2":{"start":{"line":14,"column":19},"end":{"line":16,"column":6}},"3":{"start":{"line":17,"column":4},"end":{"line":17,"column":39}},"4":{"start":{"line":21,"column":21},"end":{"line":21,"column":82}},"5":{"start":{"line":23,"column":4},"end":{"line":32,"column":5}},"6":{"start":{"line":24,"column":6},"end":{"line":27,"column":9}},"7":{"start":{"line":29,"column":6},"end":{"line":31,"column":9}},"8":{"start":{"line":39,"column":20},"end":{"line":42,"column":6}},"9":{"start":{"line":44,"column":4},"end":{"line":44,"column":38}},"10":{"start":{"line":51,"column":20},"end":{"line":57,"column":6}},"11":{"start":{"line":59,"column":4},"end":{"line":59,"column":38}},"12":{"start":{"line":66,"column":20},"end":{"line":73,"column":6}},"13":{"start":{"line":75,"column":4},"end":{"line":75,"column":34}},"14":{"start":{"line":82,"column":20},"end":{"line":88,"column":6}},"15":{"start":{"line":90,"column":4},"end":{"line":90,"column":34}},"16":{"start":{"line":97,"column":19},"end":{"line":105,"column":6}},"17":{"start":{"line":107,"column":4},"end":{"line":107,"column":41}},"18":{"start":{"line":114,"column":4},"end":{"line":120,"column":6}},"19":{"start":{"line":9,"column":0},"end":{"line":9,"column":13}}},"fnMap":{"0":{"name":"(anonymous_0)","decl":{"start":{"line":10,"column":2},"end":{"line":10,"column":31}},"loc":{"start":{"line":10,"column":51},"end":{"line":10,"column":55}}},"1":{"name":"(anonymous_1)","decl":{"start":{"line":13,"column":0},"end":{"line":13,"column":5}},"loc":{"start":{"line":13,"column":39},"end":{"line":18,"column":3}}},"2":{"name":"(anonymous_2)","decl":{"start":{"line":20,"column":2},"end":{"line":20,"column":7}},"loc":{"start":{"line":20,"column":51},"end":{"line":33,"column":3}}},"3":{"name":"(anonymous_3)","decl":{"start":{"line":38,"column":2},"end":{"line":38,"column":7}},"loc":{"start":{"line":38,"column":54},"end":{"line":45,"column":3}}},"4":{"name":"(anonymous_4)","decl":{"start":{"line":50,"column":2},"end":{"line":50,"column":7}},"loc":{"start":{"line":50,"column":42},"end":{"line":60,"column":3}}},"5":{"name":"(anonymous_5)","decl":{"start":{"line":65,"column":2},"end":{"line":65,"column":7}},"loc":{"start":{"line":65,"column":29},"end":{"line":76,"column":3}}},"6":{"name":"(anonymous_6)","decl":{"start":{"line":81,"column":2},"end":{"line":81,"column":7}},"loc":{"start":{"line":81,"column":31},"end":{"line":91,"column":3}}},"7":{"name":"(anonymous_7)","decl":{"start":{"line":96,"column":2},"end":{"line":96,"column":7}},"loc":{"start":{"line":96,"column":40},"end":{"line":108,"column":3}}},"8":{"name":"(anonymous_8)","decl":{"start":{"line":113,"column":10},"end":{"line":113,"column":18}},"loc":{"start":{"line":113,"column":35},"end":{"line":121,"column":3}}}},"branchMap":{"0":{"loc":{"start":{"line":17,"column":11},"end":{"line":17,"column":38}},"type":"cond-expr","locations":[{"start":{"line":17,"column":20},"end":{"line":17,"column":34}},{"start":{"line":17,"column":37},"end":{"line":17,"column":38}}]},"1":{"loc":{"start":{"line":23,"column":4},"end":{"line":32,"column":5}},"type":"if","locations":[{"start":{"line":23,"column":4},"end":{"line":32,"column":5}},{"start":{"line":28,"column":11},"end":{"line":32,"column":5}}]},"2":{"loc":{"start":{"line":107,"column":11},"end":{"line":107,"column":40}},"type":"binary-expr","locations":[{"start":{"line":107,"column":11},"end":{"line":107,"column":35}},{"start":{"line":107,"column":39},"end":{"line":107,"column":40}}]}},"s":{"0":2,"1":4,"2":0,"3":0,"4":0,"5":0,"6":0,"7":0,"8":0,"9":0,"10":1,"11":0,"12":0,"13":0,"14":0,"15":0,"16":0,"17":0,"18":0,"19":2},"f":{"0":4,"1":0,"2":0,"3":0,"4":1,"5":0,"6":0,"7":0,"8":0},"b":{"0":[0,0],"1":[0,0],"2":[0,0]}}
,"E:\\fuel-eu-maritime\\backend\\src\\adapters\\outbound\\persistence\\repositories\\ComplianceRepository.ts": {"path":"E:\\fuel-eu-maritime\\backend\\src\\adapters\\outbound\\persistence\\repositories\\ComplianceRepository.ts","statementMap":{"0":{"start":{"line":2,"column":0},"end":{"line":2,"column":81}},"1":{"start":{"line":10,"column":31},"end":{"line":10,"column":51}},"2":{"start":{"line":16,"column":23},"end":{"line":18,"column":6}},"3":{"start":{"line":20,"column":4},"end":{"line":20,"column":57}},"4":{"start":{"line":27,"column":23},"end":{"line":31,"column":6}},"5":{"start":{"line":33,"column":4},"end":{"line":33,"column":57}},"6":{"start":{"line":40,"column":20},"end":{"line":46,"column":6}},"7":{"start":{"line":48,"column":4},"end":{"line":48,"column":34}},"8":{"start":{"line":55,"column":20},"end":{"line":60,"column":6}},"9":{"start":{"line":62,"column":4},"end":{"line":62,"column":34}},"10":{"start":{"line":69,"column":20},"end":{"line":71,"column":6}},"11":{"start":{"line":74,"column":4},"end":{"line":74,"column":48}},"12":{"start":{"line":74,"column":30},"end":{"line":74,"column":46}},"13":{"start":{"line":81,"column":4},"end":{"line":86,"column":6}},"14":{"start":{"line":9,"column":0},"end":{"line":9,"column":13}}},"fnMap":{"0":{"name":"(anonymous_0)","decl":{"start":{"line":10,"column":2},"end":{"line":10,"column":31}},"loc":{"start":{"line":10,"column":51},"end":{"line":10,"column":55}}},"1":{"name":"(anonymous_1)","decl":{"start":{"line":15,"column":2},"end":{"line":15,"column":7}},"loc":{"start":{"line":15,"column":36},"end":{"line":21,"column":3}}},"2":{"name":"(anonymous_2)","decl":{"start":{"line":26,"column":2},"end":{"line":26,"column":7}},"loc":{"start":{"line":26,"column":54},"end":{"line":34,"column":3}}},"3":{"name":"(anonymous_3)","decl":{"start":{"line":39,"column":2},"end":{"line":39,"column":7}},"loc":{"start":{"line":39,"column":39},"end":{"line":49,"column":3}}},"4":{"name":"(anonymous_4)","decl":{"start":{"line":54,"column":2},"end":{"line":54,"column":7}},"loc":{"start":{"line":54,"column":41},"end":{"line":63,"column":3}}},"5":{"name":"(anonymous_5)","decl":{"start":{"line":68,"column":2},"end":{"line":68,"column":7}},"loc":{"start":{"line":68,"column":15},"end":{"line":75,"column":3}}},"6":{"name":"(anonymous_6)","decl":{"start":{"line":74,"column":23},"end":{"line":74,"column":24}},"loc":{"start":{"line":74,"column":30},"end":{"line":74,"column":46}}},"7":{"name":"(anonymous_7)","decl":{"start":{"line":80,"column":10},"end":{"line":80,"column":18}},"loc":{"start":{"line":80,"column":57},"end":{"line":87,"column":3}}}},"branchMap":{"0":{"loc":{"start":{"line":20,"column":11},"end":{"line":20,"column":56}},"type":"cond-expr","locations":[{"start":{"line":20,"column":24},"end":{"line":20,"column":49}},{"start":{"line":20,"column":52},"end":{"line":20,"column":56}}]},"1":{"loc":{"start":{"line":33,"column":11},"end":{"line":33,"column":56}},"type":"cond-expr","locations":[{"start":{"line":33,"column":24},"end":{"line":33,"column":49}},{"start":{"line":33,"column":52},"end":{"line":33,"column":56}}]}},"s":{"0":2,"1":4,"2":0,"3":0,"4":2,"5":0,"6":0,"7":0,"8":0,"9":0,"10":0,"11":0,"12":0,"13":0,"14":2},"f":{"0":4,"1":0,"2":2,"3":0,"4":0,"5":0,"6":0,"7":0},"b":{"0":[0,0],"1":[0,0]}}
,"E:\\fuel-eu-maritime\\backend\\src\\adapters\\outbound\\persistence\\repositories\\PoolingRepository.ts": {"path":"E:\\fuel-eu-maritime\\backend\\src\\adapters\\outbound\\persistence\\repositories\\PoolingRepository.ts","statementMap":{"0":{"start":{"line":2,"column":0},"end":{"line":2,"column":73}},"1":{"start":{"line":10,"column":31},"end":{"line":10,"column":51}},"2":{"start":{"line":16,"column":20},"end":{"line":30,"column":6}},"3":{"start":{"line":20,"column":48},"end":{"line":24,"column":12}},"4":{"start":{"line":32,"column":4},"end":{"line":32,"column":34}},"5":{"start":{"line":39,"column":17},"end":{"line":44,"column":6}},"6":{"start":{"line":46,"column":4},"end":{"line":46,"column":45}},"7":{"start":{"line":53,"column":18},"end":{"line":59,"column":6}},"8":{"start":{"line":61,"column":4},"end":{"line":61,"column":36}},"9":{"start":{"line":68,"column":34},"end":{"line":72,"column":7}},"10":{"start":{"line":68,"column":70},"end":{"line":72,"column":6}},"11":{"start":{"line":74,"column":4},"end":{"line":74,"column":61}},"12":{"start":{"line":9,"column":0},"end":{"line":9,"column":13}}},"fnMap":{"0":{"name":"(anonymous_0)","decl":{"start":{"line":10,"column":2},"end":{"line":10,"column":31}},"loc":{"start":{"line":10,"column":51},"end":{"line":10,"column":55}}},"1":{"name":"(anonymous_1)","decl":{"start":{"line":15,"column":2},"end":{"line":15,"column":7}},"loc":{"start":{"line":15,"column":23},"end":{"line":33,"column":3}}},"2":{"name":"(anonymous_2)","decl":{"start":{"line":20,"column":35},"end":{"line":20,"column":36}},"loc":{"start":{"line":20,"column":48},"end":{"line":24,"column":12}}},"3":{"name":"(anonymous_3)","decl":{"start":{"line":38,"column":2},"end":{"line":38,"column":7}},"loc":{"start":{"line":38,"column":27},"end":{"line":47,"column":3}}},"4":{"name":"(anonymous_4)","decl":{"start":{"line":52,"column":2},"end":{"line":52,"column":7}},"loc":{"start":{"line":52,"column":31},"end":{"line":62,"column":3}}},"5":{"name":"(anonymous_5)","decl":{"start":{"line":67,"column":10},"end":{"line":67,"column":18}},"loc":{"start":{"line":67,"column":34},"end":{"line":75,"column":3}}},"6":{"name":"(anonymous_6)","decl":{"start":{"line":68,"column":57},"end":{"line":68,"column":58}},"loc":{"start":{"line":68,"column":70},"end":{"line":72,"column":6}}}},"branchMap":{"0":{"loc":{"start":{"line":46,"column":11},"end":{"line":46,"column":44}},"type":"cond-expr","locations":[{"start":{"line":46,"column":18},"end":{"line":46,"column":37}},{"start":{"line":46,"column":40},"end":{"line":46,"column":44}}]}},"s":{"0":2,"1":4,"2":0,"3":0,"4":0,"5":0,"6":0,"7":0,"8":0,"9":0,"10":0,"11":0,"12":2},"f":{"0":4,"1":0,"2":0,"3":0,"4":0,"5":0,"6":0},"b":{"0":[0,0]}}
,"E:\\fuel-eu-maritime\\backend\\src\\adapters\\outbound\\persistence\\repositories\\RouteRepository.ts": {"path":"E:\\fuel-eu-maritime\\backend\\src\\adapters\\outbound\\persistence\\repositories\\RouteRepository.ts","statementMap":{"0":{"start":{"line":2,"column":0},"end":{"line":2,"column":63}},"1":{"start":{"line":10,"column":31},"end":{"line":10,"column":51}},"2":{"start":{"line":16,"column":23},"end":{"line":16,"column":25}},"3":{"start":{"line":18,"column":4},"end":{"line":20,"column":5}},"4":{"start":{"line":19,"column":6},"end":{"line":19,"column":43}},"5":{"start":{"line":21,"column":4},"end":{"line":23,"column":5}},"6":{"start":{"line":22,"column":6},"end":{"line":22,"column":39}},"7":{"start":{"line":24,"column":4},"end":{"line":26,"column":5}},"8":{"start":{"line":25,"column":6},"end":{"line":25,"column":31}},"9":{"start":{"line":28,"column":19},"end":{"line":31,"column":6}},"10":{"start":{"line":33,"column":4},"end":{"line":33,"column":37}},"11":{"start":{"line":40,"column":18},"end":{"line":42,"column":6}},"12":{"start":{"line":44,"column":4},"end":{"line":44,"column":47}},"13":{"start":{"line":51,"column":18},"end":{"line":53,"column":6}},"14":{"start":{"line":55,"column":4},"end":{"line":55,"column":47}},"15":{"start":{"line":62,"column":18},"end":{"line":64,"column":6}},"16":{"start":{"line":66,"column":4},"end":{"line":66,"column":47}},"17":{"start":{"line":73,"column":20},"end":{"line":85,"column":6}},"18":{"start":{"line":87,"column":4},"end":{"line":87,"column":34}},"19":{"start":{"line":94,"column":20},"end":{"line":106,"column":6}},"20":{"start":{"line":108,"column":4},"end":{"line":108,"column":34}},"21":{"start":{"line":116,"column":19},"end":{"line":128,"column":6}},"22":{"start":{"line":118,"column":6},"end":{"line":121,"column":9}},"23":{"start":{"line":124,"column":6},"end":{"line":127,"column":9}},"24":{"start":{"line":130,"column":4},"end":{"line":130,"column":33}},"25":{"start":{"line":134,"column":4},"end":{"line":137,"column":7}},"26":{"start":{"line":144,"column":4},"end":{"line":155,"column":6}},"27":{"start":{"line":9,"column":0},"end":{"line":9,"column":13}}},"fnMap":{"0":{"name":"(anonymous_0)","decl":{"start":{"line":10,"column":2},"end":{"line":10,"column":31}},"loc":{"start":{"line":10,"column":51},"end":{"line":10,"column":55}}},"1":{"name":"(anonymous_1)","decl":{"start":{"line":15,"column":2},"end":{"line":15,"column":7}},"loc":{"start":{"line":15,"column":36},"end":{"line":34,"column":3}}},"2":{"name":"(anonymous_2)","decl":{"start":{"line":39,"column":2},"end":{"line":39,"column":7}},"loc":{"start":{"line":39,"column":27},"end":{"line":45,"column":3}}},"3":{"name":"(anonymous_3)","decl":{"start":{"line":50,"column":2},"end":{"line":50,"column":7}},"loc":{"start":{"line":50,"column":37},"end":{"line":56,"column":3}}},"4":{"name":"(anonymous_4)","decl":{"start":{"line":61,"column":2},"end":{"line":61,"column":7}},"loc":{"start":{"line":61,"column":20},"end":{"line":67,"column":3}}},"5":{"name":"(anonymous_5)","decl":{"start":{"line":72,"column":2},"end":{"line":72,"column":7}},"loc":{"start":{"line":72,"column":25},"end":{"line":88,"column":3}}},"6":{"name":"(anonymous_6)","decl":{"start":{"line":93,"column":2},"end":{"line":93,"column":7}},"loc":{"start":{"line":93,"column":27},"end":{"line":109,"column":3}}},"7":{"name":"(anonymous_7)","decl":{"start":{"line":114,"column":2},"end":{"line":114,"column":7}},"loc":{"start":{"line":114,"column":35},"end":{"line":131,"column":3}}},"8":{"name":"(anonymous_8)","decl":{"start":{"line":116,"column":50},"end":{"line":116,"column":55}},"loc":{"start":{"line":116,"column":89},"end":{"line":128,"column":5}}},"9":{"name":"(anonymous_9)","decl":{"start":{"line":133,"column":2},"end":{"line":133,"column":7}},"loc":{"start":{"line":133,"column":57},"end":{"line":138,"column":3}}},"10":{"name":"(anonymous_10)","decl":{"start":{"line":143,"column":10},"end":{"line":143,"column":18}},"loc":{"start":{"line":143,"column":35},"end":{"line":156,"column":3}}}},"branchMap":{"0":{"loc":{"start":{"line":18,"column":4},"end":{"line":20,"column":5}},"type":"if","locations":[{"start":{"line":18,"column":4},"end":{"line":20,"column":5}},{"start":{},"end":{}}]},"1":{"loc":{"start":{"line":21,"column":4},"end":{"line":23,"column":5}},"type":"if","locations":[{"start":{"line":21,"column":4},"end":{"line":23,"column":5}},{"start":{},"end":{}}]},"2":{"loc":{"start":{"line":24,"column":4},"end":{"line":26,"column":5}},"type":"if","locations":[{"start":{"line":24,"column":4},"end":{"line":26,"column":5}},{"start":{},"end":{}}]},"3":{"loc":{"start":{"line":44,"column":11},"end":{"line":44,"column":46}},"type":"cond-expr","locations":[{"start":{"line":44,"column":19},"end":{"line":44,"column":39}},{"start":{"line":44,"column":42},"end":{"line":44,"column":46}}]},"4":{"loc":{"start":{"line":55,"column":11},"end":{"line":55,"column":46}},"type":"cond-expr","locations":[{"start":{"line":55,"column":19},"end":{"line":55,"column":39}},{"start":{"line":55,"column":42},"end":{"line":55,"column":46}}]},"5":{"loc":{"start":{"line":66,"column":11},"end":{"line":66,"column":46}},"type":"cond-expr","locations":[{"start":{"line":66,"column":19},"end":{"line":66,"column":39}},{"start":{"line":66,"column":42},"end":{"line":66,"column":46}}]}},"s":{"0":2,"1":4,"2":3,"3":3,"4":1,"5":3,"6":0,"7":3,"8":1,"9":3,"10":0,"11":0,"12":0,"13":0,"14":0,"15":2,"16":0,"17":0,"18":0,"19":0,"20":0,"21":0,"22":0,"23":0,"24":0,"25":2,"26":0,"27":2},"f":{"0":4,"1":3,"2":0,"3":0,"4":2,"5":0,"6":0,"7":0,"8":0,"9":2,"10":0},"b":{"0":[1,2],"1":[0,3],"2":[1,2],"3":[0,0],"4":[0,0],"5":[0,0]}}
,"E:\\fuel-eu-maritime\\backend\\src\\config\\constants.ts": {"path":"E:\\fuel-eu-maritime\\backend\\src\\config\\constants.ts","statementMap":{"0":{"start":{"line":6,"column":13},"end":{"line":32,"column":11}},"1":{"start":{"line":37,"column":13},"end":{"line":43,"column":11}}},"fnMap":{},"branchMap":{},"s":{"0":2,"1":2},"f":{},"b":{}}
,"E:\\fuel-eu-maritime\\backend\\src\\core\\domain\\entities\\BankEntry.ts": {"path":"E:\\fuel-eu-maritime\\backend\\src\\core\\domain\\entities\\BankEntry.ts","statementMap":{"0":{"start":{"line":7,"column":20},"end":{"line":7,"column":30}},"1":{"start":{"line":8,"column":20},"end":{"line":8,"column":34}},"2":{"start":{"line":9,"column":20},"end":{"line":9,"column":32}},"3":{"start":{"line":10,"column":11},"end":{"line":10,"column":31}},"4":{"start":{"line":11,"column":11},"end":{"line":11,"column":32}},"5":{"start":{"line":13,"column":4},"end":{"line":15,"column":5}},"6":{"start":{"line":14,"column":6},"end":{"line":14,"column":54}},"7":{"start":{"line":22,"column":4},"end":{"line":24,"column":5}},"8":{"start":{"line":23,"column":6},"end":{"line":23,"column":52}},"9":{"start":{"line":25,"column":4},"end":{"line":25,"column":26}},"10":{"start":{"line":32,"column":4},"end":{"line":32,"column":27}},"11":{"start":{"line":39,"column":4},"end":{"line":39,"column":50}},"12":{"start":{"line":5,"column":0},"end":{"line":5,"column":13}}},"fnMap":{"0":{"name":"(anonymous_0)","decl":{"start":{"line":6,"column":2},"end":{"line":6,"column":null}},"loc":{"start":{"line":11,"column":37},"end":{"line":16,"column":3}}},"1":{"name":"(anonymous_1)","decl":{"start":{"line":21,"column":2},"end":{"line":21,"column":7}},"loc":{"start":{"line":21,"column":7},"end":{"line":26,"column":3}}},"2":{"name":"(anonymous_2)","decl":{"start":{"line":31,"column":2},"end":{"line":31,"column":13}},"loc":{"start":{"line":31,"column":13},"end":{"line":33,"column":3}}},"3":{"name":"(anonymous_3)","decl":{"start":{"line":38,"column":2},"end":{"line":38,"column":20}},"loc":{"start":{"line":38,"column":20},"end":{"line":40,"column":3}}}},"branchMap":{"0":{"loc":{"start":{"line":11,"column":11},"end":{"line":11,"column":37}},"type":"default-arg","locations":[{"start":{"line":11,"column":32},"end":{"line":11,"column":37}}]},"1":{"loc":{"start":{"line":13,"column":4},"end":{"line":15,"column":5}},"type":"if","locations":[{"start":{"line":13,"column":4},"end":{"line":15,"column":5}},{"start":{},"end":{}}]},"2":{"loc":{"start":{"line":22,"column":4},"end":{"line":24,"column":5}},"type":"if","locations":[{"start":{"line":22,"column":4},"end":{"line":24,"column":5}},{"start":{},"end":{}}]},"3":{"loc":{"start":{"line":39,"column":11},"end":{"line":39,"column":49}},"type":"cond-expr","locations":[{"start":{"line":39,"column":28},"end":{"line":39,"column":29}},{"start":{"line":39,"column":32},"end":{"line":39,"column":49}}]}},"s":{"0":11,"1":11,"2":11,"3":11,"4":11,"5":11,"6":2,"7":6,"8":1,"9":5,"10":2,"11":2,"12":9},"f":{"0":11,"1":6,"2":2,"3":2},"b":{"0":[2],"1":[2,9],"2":[1,5],"3":[1,1]}}
,"E:\\fuel-eu-maritime\\backend\\src\\core\\domain\\entities\\Pool.ts": {"path":"E:\\fuel-eu-maritime\\backend\\src\\core\\domain\\entities\\Pool.ts","statementMap":{"0":{"start":{"line":17,"column":20},"end":{"line":17,"column":30}},"1":{"start":{"line":18,"column":20},"end":{"line":18,"column":32}},"2":{"start":{"line":19,"column":20},"end":{"line":19,"column":41}},"3":{"start":{"line":21,"column":4},"end":{"line":21,"column":24}},"4":{"start":{"line":31,"column":4},"end":{"line":33,"column":5}},"5":{"start":{"line":32,"column":6},"end":{"line":32,"column":59}},"6":{"start":{"line":36,"column":26},"end":{"line":36,"column":49}},"7":{"start":{"line":37,"column":4},"end":{"line":39,"column":5}},"8":{"start":{"line":38,"column":6},"end":{"line":38,"column":60}},"9":{"start":{"line":42,"column":4},"end":{"line":49,"column":5}},"10":{"start":{"line":43,"column":6},"end":{"line":45,"column":7}},"11":{"start":{"line":44,"column":8},"end":{"line":44,"column":75}},"12":{"start":{"line":46,"column":6},"end":{"line":48,"column":7}},"13":{"start":{"line":47,"column":8},"end":{"line":47,"column":78}},"14":{"start":{"line":56,"column":4},"end":{"line":56,"column":74}},"15":{"start":{"line":56,"column":48},"end":{"line":56,"column":69}},"16":{"start":{"line":63,"column":4},"end":{"line":63,"column":73}},"17":{"start":{"line":63,"column":48},"end":{"line":63,"column":68}},"18":{"start":{"line":71,"column":19},"end":{"line":71,"column":42}},"19":{"start":{"line":72,"column":18},"end":{"line":72,"column":40}},"20":{"start":{"line":73,"column":4},"end":{"line":73,"column":43}},"21":{"start":{"line":15,"column":0},"end":{"line":15,"column":13}}},"fnMap":{"0":{"name":"(anonymous_0)","decl":{"start":{"line":16,"column":2},"end":{"line":16,"column":null}},"loc":{"start":{"line":19,"column":41},"end":{"line":22,"column":3}}},"1":{"name":"(anonymous_1)","decl":{"start":{"line":30,"column":10},"end":{"line":30,"column":22}},"loc":{"start":{"line":30,"column":22},"end":{"line":50,"column":3}}},"2":{"name":"(anonymous_2)","decl":{"start":{"line":55,"column":2},"end":{"line":55,"column":18}},"loc":{"start":{"line":55,"column":18},"end":{"line":57,"column":3}}},"3":{"name":"(anonymous_3)","decl":{"start":{"line":56,"column":31},"end":{"line":56,"column":32}},"loc":{"start":{"line":56,"column":48},"end":{"line":56,"column":69}}},"4":{"name":"(anonymous_4)","decl":{"start":{"line":62,"column":2},"end":{"line":62,"column":17}},"loc":{"start":{"line":62,"column":17},"end":{"line":64,"column":3}}},"5":{"name":"(anonymous_5)","decl":{"start":{"line":63,"column":31},"end":{"line":63,"column":32}},"loc":{"start":{"line":63,"column":48},"end":{"line":63,"column":68}}},"6":{"name":"(anonymous_6)","decl":{"start":{"line":70,"column":2},"end":{"line":70,"column":12}},"loc":{"start":{"line":70,"column":12},"end":{"line":74,"column":3}}}},"branchMap":{"0":{"loc":{"start":{"line":31,"column":4},"end":{"line":33,"column":5}},"type":"if","locations":[{"start":{"line":31,"column":4},"end":{"line":33,"column":5}},{"start":{},"end":{}}]},"1":{"loc":{"start":{"line":37,"column":4},"end":{"line":39,"column":5}},"type":"if","locations":[{"start":{"line":37,"column":4},"end":{"line":39,"column":5}},{"start":{},"end":{}}]},"2":{"loc":{"start":{"line":43,"column":6},"end":{"line":45,"column":7}},"type":"if","locations":[{"start":{"line":43,"column":6},"end":{"line":45,"column":7}},{"start":{},"end":{}}]},"3":{"loc":{"start":{"line":43,"column":10},"end":{"line":43,"column":65}},"type":"binary-expr","locations":[{"start":{"line":43,"column":10},"end":{"line":43,"column":29}},{"start":{"line":43,"column":33},"end":{"line":43,"column":65}}]},"4":{"loc":{"start":{"line":46,"column":6},"end":{"line":48,"column":7}},"type":"if","locations":[{"start":{"line":46,"column":6},"end":{"line":48,"column":7}},{"start":{},"end":{}}]},"5":{"loc":{"start":{"line":46,"column":10},"end":{"line":46,"column":51}},"type":"binary-expr","locations":[{"start":{"line":46,"column":10},"end":{"line":46,"column":29}},{"start":{"line":46,"column":33},"end":{"line":46,"column":51}}]}},"s":{"0":10,"1":10,"2":10,"3":10,"4":10,"5":1,"6":9,"7":9,"8":1,"9":8,"10":15,"11":1,"12":14,"13":1,"14":11,"15":22,"16":2,"17":4,"18":1,"19":1,"20":1,"21":4},"f":{"0":10,"1":10,"2":11,"3":22,"4":2,"5":4,"6":1},"b":{"0":[1,9],"1":[1,8],"2":[1,14],"3":[15,7],"4":[1,13],"5":[14,8]}}
,"E:\\fuel-eu-maritime\\backend\\src\\core\\domain\\entities\\Route.ts": {"path":"E:\\fuel-eu-maritime\\backend\\src\\core\\domain\\entities\\Route.ts","statementMap":{"0":{"start":{"line":7,"column":20},"end":{"line":7,"column":30}},"1":{"start":{"line":8,"column":20},"end":{"line":8,"column":35}},"2":{"start":{"line":9,"column":20},"end":{"line":9,"column":38}},"3":{"start":{"line":10,"column":20},"end":{"line":10,"column":36}},"4":{"start":{"line":11,"column":20},"end":{"line":11,"column":32}},"5":{"start":{"line":12,"column":20},"end":{"line":12,"column":40}},"6":{"start":{"line":13,"column":20},"end":{"line":13,"column":43}},"7":{"start":{"line":14,"column":20},"end":{"line":14,"column":36}},"8":{"start":{"line":15,"column":20},"end":{"line":15,"column":42}},"9":{"start":{"line":16,"column":11},"end":{"line":16,"column":33}},"10":{"start":{"line":18,"column":4},"end":{"line":18,"column":20}},"11":{"start":{"line":22,"column":4},"end":{"line":24,"column":5}},"12":{"start":{"line":23,"column":6},"end":{"line":23,"column":56}},"13":{"start":{"line":25,"column":4},"end":{"line":27,"column":5}},"14":{"start":{"line":26,"column":6},"end":{"line":26,"column":59}},"15":{"start":{"line":28,"column":4},"end":{"line":30,"column":5}},"16":{"start":{"line":29,"column":6},"end":{"line":29,"column":51}},"17":{"start":{"line":38,"column":27},"end":{"line":38,"column":32}},"18":{"start":{"line":39,"column":4},"end":{"line":39,"column":49}},"19":{"start":{"line":46,"column":4},"end":{"line":46,"column":27}},"20":{"start":{"line":53,"column":4},"end":{"line":53,"column":28}},"21":{"start":{"line":5,"column":0},"end":{"line":5,"column":13}}},"fnMap":{"0":{"name":"(anonymous_0)","decl":{"start":{"line":6,"column":2},"end":{"line":6,"column":null}},"loc":{"start":{"line":16,"column":38},"end":{"line":19,"column":3}}},"1":{"name":"(anonymous_1)","decl":{"start":{"line":21,"column":10},"end":{"line":21,"column":18}},"loc":{"start":{"line":21,"column":18},"end":{"line":31,"column":3}}},"2":{"name":"(anonymous_2)","decl":{"start":{"line":37,"column":2},"end":{"line":37,"column":24}},"loc":{"start":{"line":37,"column":24},"end":{"line":40,"column":3}}},"3":{"name":"(anonymous_3)","decl":{"start":{"line":45,"column":2},"end":{"line":45,"column":15}},"loc":{"start":{"line":45,"column":15},"end":{"line":47,"column":3}}},"4":{"name":"(anonymous_4)","decl":{"start":{"line":52,"column":2},"end":{"line":52,"column":16}},"loc":{"start":{"line":52,"column":16},"end":{"line":54,"column":3}}}},"branchMap":{"0":{"loc":{"start":{"line":16,"column":11},"end":{"line":16,"column":38}},"type":"default-arg","locations":[{"start":{"line":16,"column":33},"end":{"line":16,"column":38}}]},"1":{"loc":{"start":{"line":22,"column":4},"end":{"line":24,"column":5}},"type":"if","locations":[{"start":{"line":22,"column":4},"end":{"line":24,"column":5}},{"start":{},"end":{}}]},"2":{"loc":{"start":{"line":25,"column":4},"end":{"line":27,"column":5}},"type":"if","locations":[{"start":{"line":25,"column":4},"end":{"line":27,"column":5}},{"start":{},"end":{}}]},"3":{"loc":{"start":{"line":28,"column":4},"end":{"line":30,"column":5}},"type":"if","locations":[{"start":{"line":28,"column":4},"end":{"line":30,"column":5}},{"start":{},"end":{}}]}},"s":{"0":29,"1":29,"2":29,"3":29,"4":29,"5":29,"6":29,"7":29,"8":29,"9":29,"10":29,"11":29,"12":1,"13":28,"14":1,"15":27,"16":1,"17":5,"18":5,"19":1,"20":1,"21":9},"f":{"0":29,"1":29,"2":5,"3":1,"4":1},"b":{"0":[4],"1":[1,28],"2":[1,27],"3":[1,26]}}
,"E:\\fuel-eu-maritime\\backend\\src\\core\\domain\\entities\\ShipCompliance.ts": {"path":"E:\\fuel-eu-maritime\\backend\\src\\core\\domain\\entities\\ShipCompliance.ts","statementMap":{"0":{"start":{"line":7,"column":20},"end":{"line":7,"column":30}},"1":{"start":{"line":8,"column":20},"end":{"line":8,"column":34}},"2":{"start":{"line":9,"column":20},"end":{"line":9,"column":32}},"3":{"start":{"line":10,"column":11},"end":{"line":10,"column":27}},"4":{"start":{"line":17,"column":4},"end":{"line":17,"column":29}},"5":{"start":{"line":24,"column":4},"end":{"line":24,"column":29}},"6":{"start":{"line":31,"column":4},"end":{"line":31,"column":35}},"7":{"start":{"line":38,"column":4},"end":{"line":38,"column":31}},"8":{"start":{"line":5,"column":0},"end":{"line":5,"column":13}}},"fnMap":{"0":{"name":"(anonymous_0)","decl":{"start":{"line":6,"column":2},"end":{"line":6,"column":null}},"loc":{"start":{"line":10,"column":27},"end":{"line":11,"column":6}}},"1":{"name":"(anonymous_1)","decl":{"start":{"line":16,"column":2},"end":{"line":16,"column":12}},"loc":{"start":{"line":16,"column":12},"end":{"line":18,"column":3}}},"2":{"name":"(anonymous_2)","decl":{"start":{"line":23,"column":2},"end":{"line":23,"column":12}},"loc":{"start":{"line":23,"column":12},"end":{"line":25,"column":3}}},"3":{"name":"(anonymous_3)","decl":{"start":{"line":30,"column":2},"end":{"line":30,"column":20}},"loc":{"start":{"line":30,"column":20},"end":{"line":32,"column":3}}},"4":{"name":"(anonymous_4)","decl":{"start":{"line":37,"column":2},"end":{"line":37,"column":15}},"loc":{"start":{"line":37,"column":34},"end":{"line":39,"column":3}}}},"branchMap":{},"s":{"0":32,"1":32,"2":32,"3":32,"4":3,"5":3,"6":2,"7":4,"8":9},"f":{"0":32,"1":3,"2":3,"3":2,"4":4},"b":{}}
,"E:\\fuel-eu-maritime\\backend\\src\\core\\domain\\value-objects\\ComplianceBalance.ts": {"path":"E:\\fuel-eu-maritime\\backend\\src\\core\\domain\\value-objects\\ComplianceBalance.ts","statementMap":{"0":{"start":{"line":7,"column":20},"end":{"line":7,"column":43}},"1":{"start":{"line":8,"column":20},"end":{"line":8,"column":43}},"2":{"start":{"line":9,"column":20},"end":{"line":9,"column":41}},"3":{"start":{"line":11,"column":4},"end":{"line":13,"column":5}},"4":{"start":{"line":12,"column":6},"end":{"line":12,"column":53}},"5":{"start":{"line":24,"column":4},"end":{"line":24,"column":78}},"6":{"start":{"line":31,"column":4},"end":{"line":31,"column":56}},"7":{"start":{"line":38,"column":4},"end":{"line":38,"column":69}},"8":{"start":{"line":5,"column":0},"end":{"line":5,"column":13}}},"fnMap":{"0":{"name":"(anonymous_0)","decl":{"start":{"line":6,"column":2},"end":{"line":6,"column":null}},"loc":{"start":{"line":9,"column":41},"end":{"line":14,"column":3}}},"1":{"name":"(anonymous_1)","decl":{"start":{"line":23,"column":2},"end":{"line":23,"column":11}},"loc":{"start":{"line":23,"column":11},"end":{"line":25,"column":3}}},"2":{"name":"(anonymous_2)","decl":{"start":{"line":30,"column":2},"end":{"line":30,"column":13}},"loc":{"start":{"line":30,"column":13},"end":{"line":32,"column":3}}},"3":{"name":"(anonymous_3)","decl":{"start":{"line":37,"column":2},"end":{"line":37,"column":25}},"loc":{"start":{"line":37,"column":25},"end":{"line":39,"column":3}}}},"branchMap":{"0":{"loc":{"start":{"line":11,"column":4},"end":{"line":13,"column":5}},"type":"if","locations":[{"start":{"line":11,"column":4},"end":{"line":13,"column":5}},{"start":{},"end":{}}]},"1":{"loc":{"start":{"line":11,"column":8},"end":{"line":11,"column":74}},"type":"binary-expr","locations":[{"start":{"line":11,"column":8},"end":{"line":11,"column":28}},{"start":{"line":11,"column":32},"end":{"line":11,"column":52}},{"start":{"line":11,"column":56},"end":{"line":11,"column":74}}]}},"s":{"0":14,"1":14,"2":14,"3":14,"4":3,"5":7,"6":2,"7":2,"8":4},"f":{"0":14,"1":7,"2":2,"3":2},"b":{"0":[3,11],"1":[14,13,12]}}
,"E:\\fuel-eu-maritime\\backend\\src\\core\\domain\\value-objects\\GhgIntensity.ts": {"path":"E:\\fuel-eu-maritime\\backend\\src\\core\\domain\\value-objects\\GhgIntensity.ts","statementMap":{"0":{"start":{"line":6,"column":30},"end":{"line":6,"column":43}},"1":{"start":{"line":7,"column":4},"end":{"line":9,"column":5}},"2":{"start":{"line":8,"column":6},"end":{"line":8,"column":56}},"3":{"start":{"line":16,"column":4},"end":{"line":16,"column":36}},"4":{"start":{"line":23,"column":4},"end":{"line":23,"column":53}},"5":{"start":{"line":30,"column":4},"end":{"line":30,"column":36}},"6":{"start":{"line":5,"column":0},"end":{"line":5,"column":13}}},"fnMap":{"0":{"name":"(anonymous_0)","decl":{"start":{"line":6,"column":2},"end":{"line":6,"column":30}},"loc":{"start":{"line":6,"column":43},"end":{"line":10,"column":3}}},"1":{"name":"(anonymous_1)","decl":{"start":{"line":15,"column":2},"end":{"line":15,"column":11}},"loc":{"start":{"line":15,"column":31},"end":{"line":17,"column":3}}},"2":{"name":"(anonymous_2)","decl":{"start":{"line":22,"column":2},"end":{"line":22,"column":26}},"loc":{"start":{"line":22,"column":49},"end":{"line":24,"column":3}}},"3":{"name":"(anonymous_3)","decl":{"start":{"line":29,"column":2},"end":{"line":29,"column":14}},"loc":{"start":{"line":29,"column":34},"end":{"line":31,"column":3}}}},"branchMap":{"0":{"loc":{"start":{"line":7,"column":4},"end":{"line":9,"column":5}},"type":"if","locations":[{"start":{"line":7,"column":4},"end":{"line":9,"column":5}},{"start":{},"end":{}}]}},"s":{"0":0,"1":0,"2":0,"3":0,"4":0,"5":0,"6":2},"f":{"0":0,"1":0,"2":0,"3":0},"b":{"0":[0,0]}}
,"E:\\fuel-eu-maritime\\backend\\src\\core\\use-cases\\banking\\ApplyBanked.ts": {"path":"E:\\fuel-eu-maritime\\backend\\src\\core\\use-cases\\banking\\ApplyBanked.ts","statementMap":{"0":{"start":{"line":22,"column":21},"end":{"line":22,"column":64}},"1":{"start":{"line":23,"column":21},"end":{"line":23,"column":58}},"2":{"start":{"line":28,"column":23},"end":{"line":30,"column":null}},"3":{"start":{"line":33,"column":4},"end":{"line":35,"column":5}},"4":{"start":{"line":34,"column":6},"end":{"line":34,"column":75}},"5":{"start":{"line":38,"column":27},"end":{"line":38,"column":87}},"6":{"start":{"line":40,"column":4},"end":{"line":44,"column":5}},"7":{"start":{"line":41,"column":6},"end":{"line":43,"column":8}},"8":{"start":{"line":46,"column":4},"end":{"line":48,"column":5}},"9":{"start":{"line":47,"column":6},"end":{"line":47,"column":49}},"10":{"start":{"line":50,"column":21},"end":{"line":50,"column":40}},"11":{"start":{"line":53,"column":4},"end":{"line":53,"column":65}},"12":{"start":{"line":54,"column":4},"end":{"line":54,"column":55}},"13":{"start":{"line":57,"column":29},"end":{"line":57,"column":91}},"14":{"start":{"line":58,"column":27},"end":{"line":58,"column":39}},"15":{"start":{"line":60,"column":4},"end":{"line":73,"column":5}},"16":{"start":{"line":61,"column":6},"end":{"line":61,"column":39}},"17":{"start":{"line":61,"column":33},"end":{"line":61,"column":39}},"18":{"start":{"line":63,"column":6},"end":{"line":72,"column":7}},"19":{"start":{"line":64,"column":8},"end":{"line":64,"column":22}},"20":{"start":{"line":65,"column":8},"end":{"line":65,"column":51}},"21":{"start":{"line":66,"column":8},"end":{"line":66,"column":47}},"22":{"start":{"line":69,"column":8},"end":{"line":69,"column":22}},"23":{"start":{"line":70,"column":8},"end":{"line":70,"column":51}},"24":{"start":{"line":71,"column":8},"end":{"line":71,"column":29}},"25":{"start":{"line":75,"column":4},"end":{"line":79,"column":6}},"26":{"start":{"line":20,"column":0},"end":{"line":20,"column":13}}},"fnMap":{"0":{"name":"(anonymous_0)","decl":{"start":{"line":21,"column":2},"end":{"line":21,"column":null}},"loc":{"start":{"line":23,"column":58},"end":{"line":24,"column":6}}},"1":{"name":"(anonymous_1)","decl":{"start":{"line":26,"column":2},"end":{"line":26,"column":7}},"loc":{"start":{"line":26,"column":39},"end":{"line":80,"column":3}}}},"branchMap":{"0":{"loc":{"start":{"line":33,"column":4},"end":{"line":35,"column":5}},"type":"if","locations":[{"start":{"line":33,"column":4},"end":{"line":35,"column":5}},{"start":{},"end":{}}]},"1":{"loc":{"start":{"line":40,"column":4},"end":{"line":44,"column":5}},"type":"if","locations":[{"start":{"line":40,"column":4},"end":{"line":44,"column":5}},{"start":{},"end":{}}]},"2":{"loc":{"start":{"line":46,"column":4},"end":{"line":48,"column":5}},"type":"if","locations":[{"start":{"line":46,"column":4},"end":{"line":48,"column":5}},{"start":{},"end":{}}]},"3":{"loc":{"start":{"line":61,"column":6},"end":{"line":61,"column":39}},"type":"if","locations":[{"start":{"line":61,"column":6},"end":{"line":61,"column":39}},{"start":{},"end":{}}]},"4":{"loc":{"start":{"line":63,"column":6},"end":{"line":72,"column":7}},"type":"if","locations":[{"start":{"line":63,"column":6},"end":{"line":72,"column":7}},{"start":{"line":67,"column":13},"end":{"line":72,"column":7}}]}},"s":{"0":9,"1":9,"2":6,"3":5,"4":1,"5":4,"6":4,"7":1,"8":3,"9":1,"10":2,"11":2,"12":2,"13":2,"14":2,"15":2,"16":2,"17":0,"18":2,"19":0,"20":0,"21":0,"22":2,"23":2,"24":2,"25":2,"26":3},"f":{"0":9,"1":6},"b":{"0":[1,4],"1":[1,3],"2":[1,2],"3":[0,2],"4":[0,2]}}
,"E:\\fuel-eu-maritime\\backend\\src\\core\\use-cases\\banking\\BankSurplus.ts": {"path":"E:\\fuel-eu-maritime\\backend\\src\\core\\use-cases\\banking\\BankSurplus.ts","statementMap":{"0":{"start":{"line":12,"column":12},"end":{"line":12,"column":54}},"1":{"start":{"line":13,"column":12},"end":{"line":13,"column":48}},"2":{"start":{"line":17,"column":4},"end":{"line":19,"column":5}},"3":{"start":{"line":18,"column":6},"end":{"line":18,"column":49}},"4":{"start":{"line":21,"column":23},"end":{"line":21,"column":86}},"5":{"start":{"line":22,"column":4},"end":{"line":24,"column":5}},"6":{"start":{"line":23,"column":6},"end":{"line":23,"column":53}},"7":{"start":{"line":26,"column":4},"end":{"line":28,"column":5}},"8":{"start":{"line":27,"column":6},"end":{"line":27,"column":79}},"9":{"start":{"line":30,"column":4},"end":{"line":32,"column":5}},"10":{"start":{"line":31,"column":6},"end":{"line":31,"column":65}},"11":{"start":{"line":35,"column":4},"end":{"line":35,"column":34}},"12":{"start":{"line":36,"column":4},"end":{"line":36,"column":76}},"13":{"start":{"line":39,"column":23},"end":{"line":39,"column":77}},"14":{"start":{"line":41,"column":4},"end":{"line":41,"column":22}},"15":{"start":{"line":10,"column":0},"end":{"line":10,"column":13}}},"fnMap":{"0":{"name":"(anonymous_0)","decl":{"start":{"line":11,"column":2},"end":{"line":11,"column":null}},"loc":{"start":{"line":13,"column":48},"end":{"line":14,"column":6}}},"1":{"name":"(anonymous_1)","decl":{"start":{"line":16,"column":2},"end":{"line":16,"column":7}},"loc":{"start":{"line":16,"column":58},"end":{"line":42,"column":3}}}},"branchMap":{"0":{"loc":{"start":{"line":17,"column":4},"end":{"line":19,"column":5}},"type":"if","locations":[{"start":{"line":17,"column":4},"end":{"line":19,"column":5}},{"start":{},"end":{}}]},"1":{"loc":{"start":{"line":22,"column":4},"end":{"line":24,"column":5}},"type":"if","locations":[{"start":{"line":22,"column":4},"end":{"line":24,"column":5}},{"start":{},"end":{}}]},"2":{"loc":{"start":{"line":26,"column":4},"end":{"line":28,"column":5}},"type":"if","locations":[{"start":{"line":26,"column":4},"end":{"line":28,"column":5}},{"start":{},"end":{}}]},"3":{"loc":{"start":{"line":30,"column":4},"end":{"line":32,"column":5}},"type":"if","locations":[{"start":{"line":30,"column":4},"end":{"line":32,"column":5}},{"start":{},"end":{}}]}},"s":{"0":10,"1":10,"2":6,"3":1,"4":5,"5":4,"6":0,"7":4,"8":1,"9":3,"10":1,"11":2,"12":2,"13":2,"14":0,"15":3},"f":{"0":10,"1":6},"b":{"0":[1,5],"1":[0,4],"2":[1,3],"3":[1,2]}}
,"E:\\fuel-eu-maritime\\backend\\src\\core\\use-cases\\compliance\\ComputeCB.ts": {"path":"E:\\fuel-eu-maritime\\backend\\src\\core\\use-cases\\compliance\\ComputeCB.ts","statementMap":{"0":{"start":{"line":1,"column":0},"end":{"line":1,"column":70}},"1":{"start":{"line":2,"column":0},"end":{"line":2,"column":81}},"2":{"start":{"line":20,"column":21},"end":{"line":20,"column":64}},"3":{"start":{"line":21,"column":21},"end":{"line":21,"column":54}},"4":{"start":{"line":17,"column":19},"end":{"line":17,"column":46}},"5":{"start":{"line":26,"column":18},"end":{"line":26,"column":73}},"6":{"start":{"line":27,"column":4},"end":{"line":29,"column":5}},"7":{"start":{"line":28,"column":6},"end":{"line":28,"column":58}},"8":{"start":{"line":32,"column":26},"end":{"line":32,"column":56}},"9":{"start":{"line":35,"column":15},"end":{"line":38,"column":null}},"10":{"start":{"line":42,"column":20},"end":{"line":42,"column":34}},"11":{"start":{"line":45,"column":21},"end":{"line":47,"column":null}},"12":{"start":{"line":50,"column":4},"end":{"line":58,"column":5}},"13":{"start":{"line":52,"column":6},"end":{"line":52,"column":40}},"14":{"start":{"line":53,"column":6},"end":{"line":53,"column":64}},"15":{"start":{"line":56,"column":6},"end":{"line":56,"column":76}},"16":{"start":{"line":57,"column":6},"end":{"line":57,"column":62}},"17":{"start":{"line":16,"column":0},"end":{"line":16,"column":13}}},"fnMap":{"0":{"name":"(anonymous_0)","decl":{"start":{"line":19,"column":2},"end":{"line":19,"column":null}},"loc":{"start":{"line":21,"column":54},"end":{"line":22,"column":6}}},"1":{"name":"(anonymous_1)","decl":{"start":{"line":24,"column":2},"end":{"line":24,"column":7}},"loc":{"start":{"line":24,"column":37},"end":{"line":59,"column":3}}}},"branchMap":{"0":{"loc":{"start":{"line":27,"column":4},"end":{"line":29,"column":5}},"type":"if","locations":[{"start":{"line":27,"column":4},"end":{"line":29,"column":5}},{"start":{},"end":{}}]},"1":{"loc":{"start":{"line":50,"column":4},"end":{"line":58,"column":5}},"type":"if","locations":[{"start":{"line":50,"column":4},"end":{"line":58,"column":5}},{"start":{"line":54,"column":11},"end":{"line":58,"column":5}}]}},"s":{"0":3,"1":3,"2":8,"3":8,"4":8,"5":5,"6":5,"7":1,"8":4,"9":4,"10":4,"11":4,"12":4,"13":1,"14":1,"15":3,"16":3,"17":3},"f":{"0":8,"1":5},"b":{"0":[1,4],"1":[1,3]}}
,"E:\\fuel-eu-maritime\\backend\\src\\core\\use-cases\\compliance\\GetAdjustedCB.ts": {"path":"E:\\fuel-eu-maritime\\backend\\src\\core\\use-cases\\compliance\\GetAdjustedCB.ts","statementMap":{"0":{"start":{"line":6,"column":12},"end":{"line":6,"column":54}},"1":{"start":{"line":7,"column":12},"end":{"line":7,"column":48}},"2":{"start":{"line":12,"column":27},"end":{"line":12,"column":82}},"3":{"start":{"line":13,"column":26},"end":{"line":13,"column":81}},"4":{"start":{"line":16,"column":4},"end":{"line":16,"column":50}},"5":{"start":{"line":4,"column":0},"end":{"line":4,"column":13}}},"fnMap":{"0":{"name":"(anonymous_0)","decl":{"start":{"line":5,"column":2},"end":{"line":5,"column":null}},"loc":{"start":{"line":7,"column":48},"end":{"line":8,"column":6}}},"1":{"name":"(anonymous_1)","decl":{"start":{"line":10,"column":2},"end":{"line":10,"column":7}},"loc":{"start":{"line":10,"column":32},"end":{"line":17,"column":3}}}},"branchMap":{},"s":{"0":4,"1":4,"2":0,"3":0,"4":0,"5":2},"f":{"0":4,"1":0},"b":{}}
,"E:\\fuel-eu-maritime\\backend\\src\\core\\use-cases\\pooling\\CreatePool.ts": {"path":"E:\\fuel-eu-maritime\\backend\\src\\core\\use-cases\\pooling\\CreatePool.ts","statementMap":{"0":{"start":{"line":1,"column":0},"end":{"line":1,"column":62}},"1":{"start":{"line":22,"column":21},"end":{"line":22,"column":58}},"2":{"start":{"line":23,"column":21},"end":{"line":23,"column":64}},"3":{"start":{"line":27,"column":4},"end":{"line":29,"column":5}},"4":{"start":{"line":28,"column":6},"end":{"line":28,"column":59}},"5":{"start":{"line":32,"column":24},"end":{"line":46,"column":null}},"6":{"start":{"line":34,"column":27},"end":{"line":36,"column":null}},"7":{"start":{"line":38,"column":8},"end":{"line":40,"column":9}},"8":{"start":{"line":39,"column":10},"end":{"line":39,"column":89}},"9":{"start":{"line":41,"column":8},"end":{"line":45,"column":10}},"10":{"start":{"line":50,"column":20},"end":{"line":50,"column":71}},"11":{"start":{"line":50,"column":51},"end":{"line":50,"column":67}},"12":{"start":{"line":51,"column":4},"end":{"line":53,"column":5}},"13":{"start":{"line":52,"column":6},"end":{"line":52,"column":60}},"14":{"start":{"line":56,"column":20},"end":{"line":56,"column":58}},"15":{"start":{"line":59,"column":17},"end":{"line":59,"column":49}},"16":{"start":{"line":62,"column":4},"end":{"line":62,"column":51}},"17":{"start":{"line":71,"column":19},"end":{"line":71,"column":71}},"18":{"start":{"line":71,"column":47},"end":{"line":71,"column":70}},"19":{"start":{"line":74,"column":20},"end":{"line":74,"column":54}},"20":{"start":{"line":74,"column":39},"end":{"line":74,"column":53}},"21":{"start":{"line":75,"column":20},"end":{"line":75,"column":54}},"22":{"start":{"line":75,"column":39},"end":{"line":75,"column":53}},"23":{"start":{"line":78,"column":4},"end":{"line":80,"column":7}},"24":{"start":{"line":79,"column":6},"end":{"line":79,"column":29}},"25":{"start":{"line":83,"column":4},"end":{"line":97,"column":5}},"26":{"start":{"line":84,"column":19},"end":{"line":84,"column":48}},"27":{"start":{"line":86,"column":6},"end":{"line":96,"column":7}},"28":{"start":{"line":87,"column":8},"end":{"line":87,"column":31}},"29":{"start":{"line":87,"column":25},"end":{"line":87,"column":31}},"30":{"start":{"line":88,"column":8},"end":{"line":88,"column":47}},"31":{"start":{"line":88,"column":38},"end":{"line":88,"column":47}},"32":{"start":{"line":90,"column":26},"end":{"line":90,"column":45}},"33":{"start":{"line":91,"column":25},"end":{"line":91,"column":52}},"34":{"start":{"line":93,"column":8},"end":{"line":93,"column":40}},"35":{"start":{"line":94,"column":8},"end":{"line":94,"column":40}},"36":{"start":{"line":95,"column":8},"end":{"line":95,"column":27}},"37":{"start":{"line":99,"column":4},"end":{"line":99,"column":18}},"38":{"start":{"line":20,"column":0},"end":{"line":20,"column":13}}},"fnMap":{"0":{"name":"(anonymous_0)","decl":{"start":{"line":21,"column":2},"end":{"line":21,"column":null}},"loc":{"start":{"line":23,"column":64},"end":{"line":24,"column":6}}},"1":{"name":"(anonymous_1)","decl":{"start":{"line":26,"column":2},"end":{"line":26,"column":7}},"loc":{"start":{"line":26,"column":38},"end":{"line":63,"column":3}}},"2":{"name":"(anonymous_2)","decl":{"start":{"line":33,"column":30},"end":{"line":33,"column":35}},"loc":{"start":{"line":33,"column":47},"end":{"line":46,"column":7}}},"3":{"name":"(anonymous_3)","decl":{"start":{"line":50,"column":39},"end":{"line":50,"column":40}},"loc":{"start":{"line":50,"column":51},"end":{"line":50,"column":67}}},"4":{"name":"(anonymous_4)","decl":{"start":{"line":69,"column":10},"end":{"line":69,"column":30}},"loc":{"start":{"line":69,"column":52},"end":{"line":100,"column":3}}},"5":{"name":"(anonymous_5)","decl":{"start":{"line":71,"column":37},"end":{"line":71,"column":38}},"loc":{"start":{"line":71,"column":47},"end":{"line":71,"column":70}}},"6":{"name":"(anonymous_6)","decl":{"start":{"line":74,"column":34},"end":{"line":74,"column":35}},"loc":{"start":{"line":74,"column":39},"end":{"line":74,"column":53}}},"7":{"name":"(anonymous_7)","decl":{"start":{"line":75,"column":34},"end":{"line":75,"column":35}},"loc":{"start":{"line":75,"column":39},"end":{"line":75,"column":53}}},"8":{"name":"(anonymous_8)","decl":{"start":{"line":78,"column":19},"end":{"line":78,"column":20}},"loc":{"start":{"line":78,"column":23},"end":{"line":80,"column":5}}}},"branchMap":{"0":{"loc":{"start":{"line":27,"column":4},"end":{"line":29,"column":5}},"type":"if","locations":[{"start":{"line":27,"column":4},"end":{"line":29,"column":5}},{"start":{},"end":{}}]},"1":{"loc":{"start":{"line":38,"column":8},"end":{"line":40,"column":9}},"type":"if","locations":[{"start":{"line":38,"column":8},"end":{"line":40,"column":9}},{"start":{},"end":{}}]},"2":{"loc":{"start":{"line":51,"column":4},"end":{"line":53,"column":5}},"type":"if","locations":[{"start":{"line":51,"column":4},"end":{"line":53,"column":5}},{"start":{},"end":{}}]},"3":{"loc":{"start":{"line":87,"column":8},"end":{"line":87,"column":31}},"type":"if","locations":[{"start":{"line":87,"column":8},"end":{"line":87,"column":31}},{"start":{},"end":{}}]},"4":{"loc":{"start":{"line":88,"column":8},"end":{"line":88,"column":47}},"type":"if","locations":[{"start":{"line":88,"column":8},"end":{"line":88,"column":47}},{"start":{},"end":{}}]}},"s":{"0":3,"1":10,"2":10,"3":5,"4":1,"5":4,"6":8,"7":8,"8":1,"9":7,"10":3,"11":6,"12":3,"13":1,"14":2,"15":2,"16":2,"17":2,"18":2,"19":2,"20":4,"21":2,"22":4,"23":2,"24":4,"25":2,"26":2,"27":2,"28":2,"29":0,"30":2,"31":0,"32":2,"33":2,"34":2,"35":2,"36":2,"37":2,"38":3},"f":{"0":10,"1":5,"2":8,"3":6,"4":2,"5":2,"6":4,"7":4,"8":4},"b":{"0":[1,4],"1":[1,7],"2":[1,2],"3":[0,2],"4":[0,2]}}
,"E:\\fuel-eu-maritime\\backend\\src\\core\\use-cases\\routes\\CompareRoutes.ts": {"path":"E:\\fuel-eu-maritime\\backend\\src\\core\\use-cases\\routes\\CompareRoutes.ts","statementMap":{"0":{"start":{"line":2,"column":0},"end":{"line":2,"column":71}},"1":{"start":{"line":22,"column":31},"end":{"line":22,"column":64}},"2":{"start":{"line":20,"column":19},"end":{"line":20,"column":46}},"3":{"start":{"line":26,"column":21},"end":{"line":26,"column":62}},"4":{"start":{"line":27,"column":4},"end":{"line":29,"column":5}},"5":{"start":{"line":28,"column":6},"end":{"line":28,"column":47}},"6":{"start":{"line":32,"column":22},"end":{"line":32,"column":58}},"7":{"start":{"line":35,"column":28},"end":{"line":35,"column":81}},"8":{"start":{"line":35,"column":50},"end":{"line":35,"column":80}},"9":{"start":{"line":38,"column":30},"end":{"line":38,"column":69}},"10":{"start":{"line":40,"column":24},"end":{"line":50,"column":6}},"11":{"start":{"line":41,"column":29},"end":{"line":41,"column":65}},"12":{"start":{"line":42,"column":26},"end":{"line":42,"column":84}},"13":{"start":{"line":43,"column":24},"end":{"line":43,"column":67}},"14":{"start":{"line":45,"column":6},"end":{"line":49,"column":8}},"15":{"start":{"line":52,"column":4},"end":{"line":56,"column":6}},"16":{"start":{"line":19,"column":0},"end":{"line":19,"column":13}}},"fnMap":{"0":{"name":"(anonymous_0)","decl":{"start":{"line":22,"column":2},"end":{"line":22,"column":31}},"loc":{"start":{"line":22,"column":64},"end":{"line":22,"column":68}}},"1":{"name":"(anonymous_1)","decl":{"start":{"line":24,"column":2},"end":{"line":24,"column":7}},"loc":{"start":{"line":24,"column":15},"end":{"line":57,"column":3}}},"2":{"name":"(anonymous_2)","decl":{"start":{"line":35,"column":45},"end":{"line":35,"column":46}},"loc":{"start":{"line":35,"column":50},"end":{"line":35,"column":80}}},"3":{"name":"(anonymous_3)","decl":{"start":{"line":40,"column":44},"end":{"line":40,"column":49}},"loc":{"start":{"line":40,"column":52},"end":{"line":50,"column":5}}}},"branchMap":{"0":{"loc":{"start":{"line":27,"column":4},"end":{"line":29,"column":5}},"type":"if","locations":[{"start":{"line":27,"column":4},"end":{"line":29,"column":5}},{"start":{},"end":{}}]}},"s":{"0":2,"1":4,"2":4,"3":2,"4":0,"5":0,"6":0,"7":0,"8":0,"9":0,"10":0,"11":0,"12":0,"13":0,"14":0,"15":0,"16":2},"f":{"0":4,"1":2,"2":0,"3":0},"b":{"0":[0,0]}}
[...]
:133,"column":66}},"59":{"start":{"line":133,"column":48},"end":{"line":133,"column":65}},"60":{"start":{"line":134,"column":4},"end":{"line":136,"column":5}},"61":{"start":{"line":135,"column":6},"end":{"line":135,"column":34}},"62":{"start":{"line":137,"column":4},"end":{"line":137,"column":17}},"63":{"start":{"line":141,"column":4},"end":{"line":143,"column":51}},"64":{"start":{"line":142,"column":21},"end":{"line":142,"column":56}},"65":{"start":{"line":143,"column":26},"end":{"line":143,"column":46}},"66":{"start":{"line":110,"column":0},"end":{"line":110,"column":13}},"67":{"start":{"line":151,"column":10},"end":{"line":151,"column":29}},"68":{"start":{"line":154,"column":4},"end":{"line":154,"column":26}},"69":{"start":{"line":155,"column":4},"end":{"line":155,"column":16}},"70":{"start":{"line":159,"column":4},"end":{"line":159,"column":55}},"71":{"start":{"line":159,"column":34},"end":{"line":159,"column":45}},"72":{"start":{"line":163,"column":4},"end":{"line":163,"column":53}},"73":{"start":{"line":163,"column":36},"end":{"line":163,"column":51}},"74":{"start":{"line":150,"column":0},"end":{"line":150,"column":13}}},"fnMap":{"0":{"name":"(anonymous_0)","decl":{"start":{"line":17,"column":2},"end":{"line":17,"column":14}},"loc":{"start":{"line":17,"column":41},"end":{"line":19,"column":3}}},"1":{"name":"(anonymous_1)","decl":{"start":{"line":21,"column":2},"end":{"line":21,"column":7}},"loc":{"start":{"line":21,"column":36},"end":{"line":27,"column":3}}},"2":{"name":"(anonymous_2)","decl":{"start":{"line":23,"column":51},"end":{"line":23,"column":52}},"loc":{"start":{"line":23,"column":56},"end":{"line":23,"column":90}}},"3":{"name":"(anonymous_3)","decl":{"start":{"line":24,"column":49},"end":{"line":24,"column":50}},"loc":{"start":{"line":24,"column":54},"end":{"line":24,"column":84}}},"4":{"name":"(anonymous_4)","decl":{"start":{"line":25,"column":45},"end":{"line":25,"column":46}},"loc":{"start":{"line":25,"column":50},"end":{"line":25,"column":72}}},"5":{"name":"(anonymous_5)","decl":{"start":{"line":29,"column":2},"end":{"line":29,"column":7}},"loc":{"start":{"line":29,"column":27},"end":{"line":31,"column":3}}},"6":{"name":"(anonymous_6)","decl":{"start":{"line":30,"column":28},"end":{"line":30,"column":29}},"loc":{"start":{"line":30,"column":33},"end":{"line":30,"column":44}}},"7":{"name":"(anonymous_7)","decl":{"start":{"line":33,"column":2},"end":{"line":33,"column":7}},"loc":{"start":{"line":33,"column":37},"end":{"line":35,"column":3}}},"8":{"name":"(anonymous_8)","decl":{"start":{"line":34,"column":28},"end":{"line":34,"column":29}},"loc":{"start":{"line":34,"column":33},"end":{"line":34,"column":54}}},"9":{"name":"(anonymous_9)","decl":{"start":{"line":37,"column":2},"end":{"line":37,"column":7}},"loc":{"start":{"line":37,"column":20},"end":{"line":39,"column":3}}},"10":{"name":"(anonymous_10)","decl":{"start":{"line":38,"column":28},"end":{"line":38,"column":29}},"loc":{"start":{"line":38,"column":33},"end":{"line":38,"column":45}}},"11":{"name":"(anonymous_11)","decl":{"start":{"line":41,"column":2},"end":{"line":41,"column":7}},"loc":{"start":{"line":41,"column":25},"end":{"line":44,"column":3}}},"12":{"name":"(anonymous_12)","decl":{"start":{"line":46,"column":2},"end":{"line":46,"column":7}},"loc":{"start":{"line":46,"column":27},"end":{"line":52,"column":3}}},"13":{"name":"(anonymous_13)","decl":{"start":{"line":47,"column":40},"end":{"line":47,"column":41}},"loc":{"start":{"line":47,"column":45},"end":{"line":47,"column":62}}},"14":{"name":"(anonymous_14)","decl":{"start":{"line":54,"column":2},"end":{"line":54,"column":7}},"loc":{"start":{"line":54,"column":35},"end":{"line":61,"column":3}}},"15":{"name":"(anonymous_15)","decl":{"start":{"line":55,"column":24},"end":{"line":55,"column":25}},"loc":{"start":{"line":55,"column":30},"end":{"line":55,"column":50}}},"16":{"name":"(anonymous_16)","decl":{"start":{"line":64,"column":2},"end":{"line":64,"column":7}},"loc":{"start":{"line":64,"column":38},"end":{"line":66,"column":3}}},"17":{"name":"(anonymous_17)","decl":{"start":{"line":68,"column":2},"end":{"line":68,"column":10}},"loc":{"start":{"line":68,"column":20},"end":{"line":70,"column":3}}},"18":{"name":"(anonymous_18)","decl":{"start":{"line":79,"column":2},"end":{"line":79,"column":14}},"loc":{"start":{"line":79,"column":55},"end":{"line":81,"column":3}}},"19":{"name":"(anonymous_19)","decl":{"start":{"line":83,"column":2},"end":{"line":83,"column":7}},"loc":{"start":{"line":83,"column":54},"end":{"line":87,"column":3}}},"20":{"name":"(anonymous_20)","decl":{"start":{"line":85,"column":28},"end":{"line":85,"column":29}},"loc":{"start":{"line":85,"column":35},"end":{"line":85,"column":73}}},"21":{"name":"(anonymous_21)","decl":{"start":{"line":89,"column":2},"end":{"line":89,"column":7}},"loc":{"start":{"line":89,"column":39},"end":{"line":92,"column":3}}},"22":{"name":"(anonymous_22)","decl":{"start":{"line":94,"column":2},"end":{"line":94,"column":7}},"loc":{"start":{"line":94,"column":41},"end":{"line":100,"column":3}}},"23":{"name":"(anonymous_23)","decl":{"start":{"line":95,"column":45},"end":{"line":95,"column":46}},"loc":{"start":{"line":95,"column":52},"end":{"line":95,"column":74}}},"24":{"name":"(anonymous_24)","decl":{"start":{"line":102,"column":2},"end":{"line":102,"column":7}},"loc":{"start":{"line":102,"column":15},"end":{"line":104,"column":3}}},"25":{"name":"(anonymous_25)","decl":{"start":{"line":113,"column":2},"end":{"line":113,"column":14}},"loc":{"start":{"line":113,"column":46},"end":{"line":115,"column":3}}},"26":{"name":"(anonymous_26)","decl":{"start":{"line":117,"column":2},"end":{"line":117,"column":7}},"loc":{"start":{"line":117,"column":54},"end":{"line":119,"column":3}}},"27":{"name":"(anonymous_27)","decl":{"start":{"line":118,"column":31},"end":{"line":118,"column":32}},"loc":{"start":{"line":118,"column":38},"end":{"line":118,"column":76}}},"28":{"name":"(anonymous_28)","decl":{"start":{"line":121,"column":2},"end":{"line":121,"column":7}},"loc":{"start":{"line":121,"column":42},"end":{"line":125,"column":3}}},"29":{"name":"(anonymous_29)","decl":{"start":{"line":123,"column":14},"end":{"line":123,"column":15}},"loc":{"start":{"line":123,"column":21},"end":{"line":123,"column":56}}},"30":{"name":"(anonymous_30)","decl":{"start":{"line":124,"column":12},"end":{"line":124,"column":13}},"loc":{"start":{"line":124,"column":22},"end":{"line":124,"column":33}}},"31":{"name":"(anonymous_31)","decl":{"start":{"line":127,"column":2},"end":{"line":127,"column":7}},"loc":{"start":{"line":127,"column":29},"end":{"line":130,"column":3}}},"32":{"name":"(anonymous_32)","decl":{"start":{"line":132,"column":2},"end":{"line":132,"column":7}},"loc":{"start":{"line":132,"column":31},"end":{"line":138,"column":3}}},"33":{"name":"(anonymous_33)","decl":{"start":{"line":133,"column":41},"end":{"line":133,"column":42}},"loc":{"start":{"line":133,"column":48},"end":{"line":133,"column":65}}},"34":{"name":"(anonymous_34)","decl":{"start":{"line":140,"column":2},"end":{"line":140,"column":7}},"loc":{"start":{"line":140,"column":40},"end":{"line":144,"column":3}}},"35":{"name":"(anonymous_35)","decl":{"start":{"line":142,"column":14},"end":{"line":142,"column":15}},"loc":{"start":{"line":142,"column":21},"end":{"line":142,"column":56}}},"36":{"name":"(anonymous_36)","decl":{"start":{"line":143,"column":14},"end":{"line":143,"column":15}},"loc":{"start":{"line":143,"column":26},"end":{"line":143,"column":46}}},"37":{"name":"(anonymous_37)","decl":{"start":{"line":150,"column":0},"end":{"line":150,"column":13}},"loc":{"start":{"line":150,"column":0},"end":{"line":165,"column":1}}},"38":{"name":"(anonymous_38)","decl":{"start":{"line":153,"column":2},"end":{"line":153,"column":7}},"loc":{"start":{"line":153,"column":23},"end":{"line":156,"column":3}}},"39":{"name":"(anonymous_39)","decl":{"start":{"line":158,"column":2},"end":{"line":158,"column":7}},"loc":{"start":{"line":158,"column":27},"end":{"line":160,"column":3}}},"40":{"name":"(anonymous_40)","decl":{"start":{"line":159,"column":27},"end":{"line":159,"column":28}},"loc":{"start":{"line":159,"column":34},"end":{"line":159,"column":45}}},"41":{"name":"(anonymous_41)","decl":{"start":{"line":162,"column":2},"end":{"line":162,"column":7}},"loc":{"start":{"line":162,"column":31},"end":{"line":164,"column":3}}},"42":{"name":"(anonymous_42)","decl":{"start":{"line":163,"column":29},"end":{"line":163,"column":30}},"loc":{"start":{"line":163,"column":36},"end":{"line":163,"column":51}}}},"branchMap":{"0":{"loc":{"start":{"line":17,"column":14},"end":{"line":17,"column":41}},"type":"default-arg","locations":[{"start":{"line":17,"column":39},"end":{"line":17,"column":41}}]},"1":{"loc":{"start":{"line":23,"column":4},"end":{"line":23,"column":92}},"type":"if","locations":[{"start":{"line":23,"column":4},"end":{"line":23,"column":92}},{"start":{},"end":{}}]},"2":{"loc":{"start":{"line":24,"column":4},"end":{"line":24,"column":86}},"type":"if","locations":[{"start":{"line":24,"column":4},"end":{"line":24,"column":86}},{"start":{},"end":{}}]},"3":{"loc":{"start":{"line":25,"column":4},"end":{"line":25,"column":74}},"type":"if","locations":[{"start":{"line":25,"column":4},"end":{"line":25,"column":74}},{"start":{},"end":{}}]},"4":{"loc":{"start":{"line":30,"column":11},"end":{"line":30,"column":53}},"type":"binary-expr","locations":[{"start":{"line":30,"column":11},"end":{"line":30,"column":45}},{"start":{"line":30,"column":49},"end":{"line":30,"column":53}}]},"5":{"loc":{"start":{"line":34,"column":11},"end":{"line":34,"column":63}},"type":"binary-expr","locations":[{"start":{"line":34,"column":11},"end":{"line":34,"column":55}},{"start":{"line":34,"column":59},"end":{"line":34,"column":63}}]},"6":{"loc":{"start":{"line":38,"column":11},"end":{"line":38,"column":54}},"type":"binary-expr","locations":[{"start":{"line":38,"column":11},"end":{"line":38,"column":46}},{"start":{"line":38,"column":50},"end":{"line":38,"column":54}}]},"7":{"loc":{"start":{"line":48,"column":4},"end":{"line":50,"column":5}},"type":"if","locations":[{"start":{"line":48,"column":4},"end":{"line":50,"column":5}},{"start":{},"end":{}}]},"8":{"loc":{"start":{"line":58,"column":4},"end":{"line":58,"column":62}},"type":"if","locations":[{"start":{"line":58,"column":4},"end":{"line":58,"column":62}},{"start":{},"end":{}}]},"9":{"loc":{"start":{"line":79,"column":14},"end":{"line":79,"column":55}},"type":"default-arg","locations":[{"start":{"line":79,"column":53},"end":{"line":79,"column":55}}]},"10":{"loc":{"start":{"line":85,"column":6},"end":{"line":85,"column":82}},"type":"binary-expr","locations":[{"start":{"line":85,"column":6},"end":{"line":85,"column":74}},{"start":{"line":85,"column":78},"end":{"line":85,"column":82}}]},"11":{"loc":{"start":{"line":85,"column":35},"end":{"line":85,"column":73}},"type":"binary-expr","locations":[{"start":{"line":85,"column":35},"end":{"line":85,"column":54}},{"start":{"line":85,"column":58},"end":{"line":85,"column":73}}]},"12":{"loc":{"start":{"line":96,"column":4},"end":{"line":98,"column":5}},"type":"if","locations":[{"start":{"line":96,"column":4},"end":{"line":98,"column":5}},{"start":{},"end":{}}]},"13":{"loc":{"start":{"line":113,"column":14},"end":{"line":113,"column":46}},"type":"default-arg","locations":[{"start":{"line":113,"column":44},"end":{"line":113,"column":46}}]},"14":{"loc":{"start":{"line":118,"column":38},"end":{"line":118,"column":76}},"type":"binary-expr","locations":[{"start":{"line":118,"column":38},"end":{"line":118,"column":57}},{"start":{"line":118,"column":61},"end":{"line":118,"column":76}}]},"15":{"loc":{"start":{"line":123,"column":21},"end":{"line":123,"column":56}},"type":"binary-expr","locations":[{"start":{"line":123,"column":21},"end":{"line":123,"column":40}},{"start":{"line":123,"column":44},"end":{"line":123,"column":56}}]},"16":{"loc":{"start":{"line":134,"column":4},"end":{"line":136,"column":5}},"type":"if","locations":[{"start":{"line":134,"column":4},"end":{"line":136,"column":5}},{"start":{},"end":{}}]},"17":{"loc":{"start":{"line":142,"column":21},"end":{"line":142,"column":56}},"type":"binary-expr","locations":[{"start":{"line":142,"column":21},"end":{"line":142,"column":40}},{"start":{"line":142,"column":44},"end":{"line":142,"column":56}}]},"18":{"loc":{"start":{"line":159,"column":11},"end":{"line":159,"column":54}},"type":"binary-expr","locations":[{"start":{"line":159,"column":11},"end":{"line":159,"column":46}},{"start":{"line":159,"column":50},"end":{"line":159,"column":54}}]}},"s":{"0":12,"1":12,"2":5,"3":5,"4":2,"5":6,"6":5,"7":1,"8":3,"9":5,"10":2,"11":4,"12":5,"13":0,"14":0,"15":9,"16":13,"17":0,"18":0,"19":0,"20":0,"21":0,"22":0,"23":0,"24":0,"25":0,"26":3,"27":9,"28":3,"29":3,"30":1,"31":2,"32":2,"33":3,"34":0,"35":6,"36":21,"37":21,"38":21,"39":22,"40":3,"41":3,"42":3,"43":3,"44":3,"45":3,"46":3,"47":1,"48":6,"49":10,"50":10,"51":1,"52":1,"53":2,"54":2,"55":0,"56":0,"57":0,"58":2,"59":2,"60":2,"61":2,"62":2,"63":4,"64":4,"65":4,"66":6,"67":5,"68":2,"69":2,"70":0,"71":0,"72":0,"73":0,"74":6},"f":{"0":12,"1":5,"2":6,"3":3,"4":4,"5":0,"6":0,"7":9,"8":13,"9":0,"10":0,"11":0,"12":0,"13":0,"14":3,"15":9,"16":3,"17":0,"18":21,"19":21,"20":22,"21":3,"22":3,"23":3,"24":1,"25":10,"26":1,"27":1,"28":2,"29":2,"30":0,"31":0,"32":2,"33":2,"34":4,"35":4,"36":4,"37":5,"38":2,"39":0,"40":0,"41":0,"42":0},"b":{"0":[0],"1":[2,3],"2":[1,4],"3":[2,3],"4":[0,0],"5":[9,2],"6":[0,0],"7":[0,0],"8":[1,2],"9":[4],"10":[21,5],"11":[22,16],"12":[3,0],"13":[5],"14":[1,1],"15":[2,2],"16":[2,0],"17":[4,4],"18":[0,0]}}
,"E:\\fuel-eu-maritime\\backend\\tests\\helpers\\testData.ts": {"path":"E:\\fuel-eu-maritime\\backend\\tests\\helpers\\testData.ts","statementMap":{"0":{"start":{"line":1,"column":0},"end":{"line":1,"column":61}},"1":{"start":{"line":2,"column":0},"end":{"line":2,"column":79}},"2":{"start":{"line":3,"column":0},"end":{"line":3,"column":69}},"3":{"start":{"line":10,"column":31},"end":{"line":23,"column":1}},"4":{"start":{"line":11,"column":2},"end":{"line":22,"column":4}},"5":{"start":{"line":10,"column":13},"end":{"line":10,"column":31}},"6":{"start":{"line":25,"column":40},"end":{"line":34,"column":1}},"7":{"start":{"line":28,"column":2},"end":{"line":33,"column":4}},"8":{"start":{"line":25,"column":13},"end":{"line":25,"column":40}},"9":{"start":{"line":36,"column":35},"end":{"line":44,"column":1}},"10":{"start":{"line":37,"column":2},"end":{"line":43,"column":4}},"11":{"start":{"line":36,"column":13},"end":{"line":36,"column":35}},"12":{"start":{"line":46,"column":13},"end":{"line":77,"column":2}}},"fnMap":{"0":{"name":"(anonymous_0)","decl":{"start":{"line":10,"column":31},"end":{"line":10,"column":32}},"loc":{"start":{"line":10,"column":69},"end":{"line":23,"column":1}}},"1":{"name":"(anonymous_1)","decl":{"start":{"line":25,"column":40},"end":{"line":25,"column":null}},"loc":{"start":{"line":27,"column":20},"end":{"line":34,"column":1}}},"2":{"name":"(anonymous_2)","decl":{"start":{"line":36,"column":35},"end":{"line":36,"column":36}},"loc":{"start":{"line":36,"column":81},"end":{"line":44,"column":1}}}},"branchMap":{"0":{"loc":{"start":{"line":12,"column":4},"end":{"line":12,"column":22}},"type":"binary-expr","locations":[{"start":{"line":12,"column":4},"end":{"line":12,"column":17}},{"start":{"line":12,"column":21},"end":{"line":12,"column":22}}]},"1":{"loc":{"start":{"line":13,"column":4},"end":{"line":13,"column":32}},"type":"binary-expr","locations":[{"start":{"line":13,"column":4},"end":{"line":13,"column":22}},{"start":{"line":13,"column":26},"end":{"line":13,"column":32}}]},"2":{"loc":{"start":{"line":14,"column":4},"end":{"line":14,"column":40}},"type":"binary-expr","locations":[{"start":{"line":14,"column":4},"end":{"line":14,"column":25}},{"start":{"line":14,"column":29},"end":{"line":14,"column":40}}]},"3":{"loc":{"start":{"line":15,"column":4},"end":{"line":15,"column":32}},"type":"binary-expr","locations":[{"start":{"line":15,"column":4},"end":{"line":15,"column":23}},{"start":{"line":15,"column":27},"end":{"line":15,"column":32}}]},"4":{"loc":{"start":{"line":16,"column":4},"end":{"line":16,"column":27}},"type":"binary-expr","locations":[{"start":{"line":16,"column":4},"end":{"line":16,"column":19}},{"start":{"line":16,"column":23},"end":{"line":16,"column":27}}]},"5":{"loc":{"start":{"line":17,"column":4},"end":{"line":17,"column":35}},"type":"binary-expr","locations":[{"start":{"line":17,"column":4},"end":{"line":17,"column":27}},{"start":{"line":17,"column":31},"end":{"line":17,"column":35}}]},"6":{"loc":{"start":{"line":18,"column":4},"end":{"line":18,"column":38}},"type":"binary-expr","locations":[{"start":{"line":18,"column":4},"end":{"line":18,"column":30}},{"start":{"line":18,"column":34},"end":{"line":18,"column":38}}]},"7":{"loc":{"start":{"line":19,"column":4},"end":{"line":19,"column":32}},"type":"binary-expr","locations":[{"start":{"line":19,"column":4},"end":{"line":19,"column":23}},{"start":{"line":19,"column":27},"end":{"line":19,"column":32}}]},"8":{"loc":{"start":{"line":20,"column":4},"end":{"line":20,"column":37}},"type":"binary-expr","locations":[{"start":{"line":20,"column":4},"end":{"line":20,"column":29}},{"start":{"line":20,"column":33},"end":{"line":20,"column":37}}]},"9":{"loc":{"start":{"line":21,"column":4},"end":{"line":21,"column":34}},"type":"binary-expr","locations":[{"start":{"line":21,"column":4},"end":{"line":21,"column":25}},{"start":{"line":21,"column":29},"end":{"line":21,"column":34}}]},"10":{"loc":{"start":{"line":29,"column":4},"end":{"line":29,"column":22}},"type":"binary-expr","locations":[{"start":{"line":29,"column":4},"end":{"line":29,"column":17}},{"start":{"line":29,"column":21},"end":{"line":29,"column":22}}]},"11":{"loc":{"start":{"line":30,"column":4},"end":{"line":30,"column":34}},"type":"binary-expr","locations":[{"start":{"line":30,"column":4},"end":{"line":30,"column":21}},{"start":{"line":30,"column":25},"end":{"line":30,"column":34}}]},"12":{"loc":{"start":{"line":31,"column":4},"end":{"line":31,"column":27}},"type":"binary-expr","locations":[{"start":{"line":31,"column":4},"end":{"line":31,"column":19}},{"start":{"line":31,"column":23},"end":{"line":31,"column":27}}]},"13":{"loc":{"start":{"line":32,"column":4},"end":{"line":32,"column":31}},"type":"binary-expr","locations":[{"start":{"line":32,"column":4},"end":{"line":32,"column":23}},{"start":{"line":32,"column":27},"end":{"line":32,"column":31}}]},"14":{"loc":{"start":{"line":38,"column":4},"end":{"line":38,"column":22}},"type":"binary-expr","locations":[{"start":{"line":38,"column":4},"end":{"line":38,"column":17}},{"start":{"line":38,"column":21},"end":{"line":38,"column":22}}]},"15":{"loc":{"start":{"line":39,"column":4},"end":{"line":39,"column":34}},"type":"binary-expr","locations":[{"start":{"line":39,"column":4},"end":{"line":39,"column":21}},{"start":{"line":39,"column":25},"end":{"line":39,"column":34}}]},"16":{"loc":{"start":{"line":40,"column":4},"end":{"line":40,"column":27}},"type":"binary-expr","locations":[{"start":{"line":40,"column":4},"end":{"line":40,"column":19}},{"start":{"line":40,"column":23},"end":{"line":40,"column":27}}]},"17":{"loc":{"start":{"line":41,"column":4},"end":{"line":41,"column":35}},"type":"binary-expr","locations":[{"start":{"line":41,"column":4},"end":{"line":41,"column":27}},{"start":{"line":41,"column":31},"end":{"line":41,"column":35}}]},"18":{"loc":{"start":{"line":42,"column":4},"end":{"line":42,"column":33}},"type":"binary-expr","locations":[{"start":{"line":42,"column":4},"end":{"line":42,"column":24}},{"start":{"line":42,"column":28},"end":{"line":42,"column":33}}]}},"s":{"0":6,"1":6,"2":6,"3":6,"4":22,"5":6,"6":6,"7":23,"8":6,"9":6,"10":5,"11":6,"12":6},"f":{"0":22,"1":23,"2":5},"b":{"0":[22,4],"1":[22,0],"2":[22,4],"3":[22,4],"4":[22,4],"5":[22,0],"6":[22,0],"7":[22,22],"8":[22,22],"9":[22,4],"10":[23,23],"11":[23,0],"12":[23,0],"13":[23,0],"14":[5,5],"15":[5,0],"16":[5,0],"17":[5,0],"18":[5,0]}}
}
