TN:
SF:src\app.ts
FN:20,(anonymous_1)
FN:33,(anonymous_2)
FN:48,(anonymous_3)
FN:62,(anonymous_4)
FN:70,(anonymous_5)
FN:71,(anonymous_6)
FN:82,(anonymous_7)
FN:92,(anonymous_8)
FNF:8
FNH:7
FNDA:4,(anonymous_1)
FNDA:4,(anonymous_2)
FNDA:4,(anonymous_3)
FNDA:4,(anonymous_4)
FNDA:2,(anonymous_5)
FNDA:2,(anonymous_6)
FNDA:2,(anonymous_7)
FNDA:0,(anonymous_8)
DA:1,2
DA:2,2
DA:3,2
DA:4,2
DA:5,2
DA:6,2
DA:7,2
DA:10,2
DA:21,4
DA:22,4
DA:23,4
DA:25,4
DA:26,4
DA:27,4
DA:35,4
DA:38,4
DA:39,4
DA:42,4
DA:49,4
DA:56,4
DA:63,4
DA:64,4
DA:71,2
DA:72,2
DA:73,2
DA:74,2
DA:75,2
DA:83,2
DA:88,2
DA:89,2
DA:92,2
DA:93,0
DA:94,0
DA:95,0
DA:98,2
LF:35
LH:32
BRDA:22,0,0,4
BRDA:22,0,1,4
BRDA:74,1,0,2
BRDA:74,1,1,0
BRF:4
BRH:3
end_of_record
TN:
SF:src\adapters\container.ts
FN:55,(anonymous_0)
FN:122,(anonymous_1)
FNF:2
FNH:2
FNDA:4,(anonymous_0)
FNDA:2,(anonymous_1)
DA:1,2
DA:4,2
DA:5,2
DA:6,2
DA:7,2
DA:10,2
DA:11,2
DA:12,2
DA:13,2
DA:14,2
DA:15,2
DA:16,2
DA:17,2
DA:20,2
DA:21,2
DA:22,2
DA:23,2
DA:29,2
DA:57,4
DA:60,4
DA:61,4
DA:62,4
DA:63,4
DA:66,4
DA:67,4
DA:68,4
DA:70,4
DA:75,4
DA:80,4
DA:85,4
DA:90,4
DA:96,4
DA:102,4
DA:107,4
DA:113,4
DA:123,2
LF:36
LH:36
BRF:0
BRH:0
end_of_record
TN:
SF:src\adapters\inbound\http\routes.ts
FN:10,setupRoutes
FN:19,(anonymous_1)
FNF:2
FNH:1
FNDA:4,setupRoutes
FNDA:0,(anonymous_1)
DA:1,2
DA:10,2
DA:16,4
DA:19,4
DA:20,0
DA:24,4
DA:25,4
DA:26,4
DA:29,4
DA:30,4
DA:33,4
DA:34,4
DA:35,4
DA:38,4
DA:39,4
DA:41,4
LF:16
LH:15
BRF:0
BRH:0
end_of_record
TN:
SF:src\adapters\inbound\http\banking\BankingController.ts
FN:12,(anonymous_0)
FN:22,(anonymous_1)
FN:66,(anonymous_2)
FN:102,(anonymous_3)
FNF:4
FNH:4
FNDA:4,(anonymous_0)
FNDA:2,(anonymous_1)
FNDA:2,(anonymous_2)
FNDA:1,(anonymous_3)
DA:5,2
DA:11,2
DA:13,4
DA:14,4
DA:15,4
DA:22,4
DA:23,2
DA:24,2
DA:26,2
DA:27,1
DA:31,1
DA:35,1
DA:36,0
DA:41,1
DA:44,0
DA:46,0
DA:54,1
DA:66,4
DA:67,2
DA:68,2
DA:70,2
DA:71,1
DA:75,1
DA:78,1
DA:84,0
DA:90,1
DA:102,4
DA:103,1
DA:104,1
DA:106,1
DA:107,0
DA:111,0
DA:114,1
DA:120,0
DA:126,1
LF:35
LH:28
BRDA:26,0,0,1
BRDA:26,0,1,1
BRDA:35,1,0,0
BRDA:35,1,1,1
BRDA:56,2,0,1
BRDA:56,2,1,0
BRDA:70,3,0,1
BRDA:70,3,1,1
BRDA:70,4,0,2
BRDA:70,4,1,2
BRDA:70,4,2,1
BRDA:92,5,0,1
BRDA:92,5,1,0
BRDA:106,6,0,0
BRDA:106,6,1,1
BRDA:106,7,0,1
BRDA:106,7,1,1
BRDA:106,7,2,1
BRDA:128,8,0,1
BRDA:128,8,1,0
BRF:20
BRH:15
end_of_record
TN:
SF:src\adapters\inbound\http\compliance\ComplianceController.ts
FN:11,(anonymous_0)
FN:20,(anonymous_1)
FN:54,(anonymous_2)
FNF:3
FNH:1
FNDA:4,(anonymous_0)
FNDA:0,(anonymous_1)
FNDA:0,(anonymous_2)
DA:4,2
DA:10,2
DA:12,4
DA:13,4
DA:20,4
DA:21,0
DA:22,0
DA:24,0
DA:25,0
DA:29,0
DA:32,0
DA:38,0
DA:43,0
DA:54,4
DA:55,0
DA:56,0
DA:58,0
DA:59,0
DA:63,0
DA:66,0
DA:71,0
DA:76,0
LF:22
LH:6
BRDA:24,0,0,0
BRDA:24,0,1,0
BRDA:24,1,0,0
BRDA:24,1,1,0
BRDA:24,1,2,0
BRDA:45,2,0,0
BRDA:45,2,1,0
BRDA:58,3,0,0
BRDA:58,3,1,0
BRDA:58,4,0,0
BRDA:58,4,1,0
BRDA:78,5,0,0
BRDA:78,5,1,0
BRF:13
BRH:0
end_of_record
TN:
SF:src\adapters\inbound\http\pooling\PoolingController.ts
FN:11,(anonymous_0)
FN:21,(anonymous_1)
FN:55,(anonymous_2)
FNF:3
FNH:1
FNDA:4,(anonymous_0)
FNDA:0,(anonymous_1)
FNDA:0,(anonymous_2)
DA:4,2
DA:10,2
DA:12,4
DA:13,4
DA:21,4
DA:22,0
DA:23,0
DA:25,0
DA:26,0
DA:30,0
DA:33,0
DA:38,0
DA:44,0
DA:55,4
DA:56,0
DA:57,0
DA:59,0
DA:60,0
DA:64,0
DA:67,0
DA:69,0
DA:75,0
LF:22
LH:6
BRDA:25,0,0,0
BRDA:25,0,1,0
BRDA:25,1,0,0
BRDA:25,1,1,0
BRDA:25,1,2,0
BRDA:46,2,0,0
BRDA:46,2,1,0
BRDA:59,3,0,0
BRDA:59,3,1,0
BRDA:77,4,0,0
BRDA:77,4,1,0
BRF:11
BRH:0
end_of_record
TN:
SF:src\adapters\inbound\http\routes\RouteController.ts
FN:12,(anonymous_0)
FN:22,(anonymous_1)
FN:51,(anonymous_2)
FN:78,(anonymous_3)
FNF:4
FNH:4
FNDA:4,(anonymous_0)
FNDA:3,(anonymous_1)
FNDA:2,(anonymous_2)
FNDA:2,(anonymous_3)
DA:5,2
DA:11,2
DA:13,4
DA:14,4
DA:15,4
DA:22,4
DA:23,3
DA:24,3
DA:26,3
DA:32,3
DA:34,0
DA:40,3
DA:51,4
DA:52,2
DA:53,2
DA:55,2
DA:57,0
DA:63,2
DA:67,2
DA:78,4
DA:79,2
DA:80,2
DA:82,0
DA:87,2
DA:91,2
LF:25
LH:22
BRDA:29,0,0,1
BRDA:29,0,1,2
BRDA:42,1,0,3
BRDA:42,1,1,0
BRDA:63,2,0,2
BRDA:63,2,1,0
BRDA:63,3,0,2
BRDA:63,3,1,2
BRDA:69,4,0,2
BRDA:69,4,1,0
BRDA:87,5,0,0
BRDA:87,5,1,2
BRDA:87,6,0,2
BRDA:87,6,1,2
BRDA:93,7,0,2
BRDA:93,7,1,0
BRF:16
BRH:11
end_of_record
TN:
SF:src\adapters\inbound\middleware\errorHandler.ts
FN:7,(anonymous_0)
FN:25,(anonymous_1)
FNF:2
FNH:0
FNDA:0,(anonymous_0)
FNDA:0,(anonymous_1)
DA:2,2
DA:7,2
DA:13,0
DA:15,0
DA:25,2
DA:26,0
LF:6
LH:3
BRDA:17,0,0,0
BRDA:17,0,1,0
BRDA:18,1,0,0
BRDA:18,1,1,0
BRF:4
BRH:0
end_of_record
TN:
SF:src\adapters\inbound\middleware\validation.ts
FN:7,(anonymous_0)
FNF:1
FNH:1
FNDA:12,(anonymous_0)
DA:7,2
DA:8,12
DA:9,12
DA:15,2
LF:4
LH:4
BRDA:16,0,0,2
BRDA:16,0,1,2
BRF:2
BRH:2
end_of_record
TN:
SF:src\adapters\outbound\persistence\repositories\BankingRepository.ts
FN:10,(anonymous_0)
FN:13,(anonymous_1)
FN:20,(anonymous_2)
FN:38,(anonymous_3)
FN:50,(anonymous_4)
FN:65,(anonymous_5)
FN:81,(anonymous_6)
FN:96,(anonymous_7)
FN:113,(anonymous_8)
FNF:9
FNH:2
FNDA:4,(anonymous_0)
FNDA:0,(anonymous_1)
FNDA:0,(anonymous_2)
FNDA:0,(anonymous_3)
FNDA:1,(anonymous_4)
FNDA:0,(anonymous_5)
FNDA:0,(anonymous_6)
FNDA:0,(anonymous_7)
FNDA:0,(anonymous_8)
DA:2,2
DA:9,2
DA:10,4
DA:14,0
DA:17,0
DA:21,0
DA:23,0
DA:24,0
DA:29,0
DA:39,0
DA:44,0
DA:51,1
DA:59,0
DA:66,0
DA:75,0
DA:82,0
DA:90,0
DA:97,0
DA:107,0
DA:114,0
LF:20
LH:4
BRDA:17,0,0,0
BRDA:17,0,1,0
BRDA:23,1,0,0
BRDA:23,1,1,0
BRDA:107,2,0,0
BRDA:107,2,1,0
BRF:6
BRH:0
end_of_record
TN:
SF:src\adapters\outbound\persistence\repositories\ComplianceRepository.ts
FN:10,(anonymous_0)
FN:15,(anonymous_1)
FN:26,(anonymous_2)
FN:39,(anonymous_3)
FN:54,(anonymous_4)
FN:68,(anonymous_5)
FN:74,(anonymous_6)
FN:80,(anonymous_7)
FNF:8
FNH:2
FNDA:4,(anonymous_0)
FNDA:0,(anonymous_1)
FNDA:2,(anonymous_2)
FNDA:0,(anonymous_3)
FNDA:0,(anonymous_4)
FNDA:0,(anonymous_5)
FNDA:0,(anonymous_6)
FNDA:0,(anonymous_7)
DA:2,2
DA:9,2
DA:10,4
DA:16,0
DA:20,0
DA:27,2
DA:33,0
DA:40,0
DA:48,0
DA:55,0
DA:62,0
DA:69,0
DA:74,0
DA:81,0
LF:14
LH:4
BRDA:20,0,0,0
BRDA:20,0,1,0
BRDA:33,1,0,0
BRDA:33,1,1,0
BRF:4
BRH:0
end_of_record
TN:
SF:src\adapters\outbound\persistence\repositories\PoolingRepository.ts
FN:10,(anonymous_0)
FN:15,(anonymous_1)
FN:20,(anonymous_2)
FN:38,(anonymous_3)
FN:52,(anonymous_4)
FN:67,(anonymous_5)
FN:68,(anonymous_6)
FNF:7
FNH:1
FNDA:4,(anonymous_0)
FNDA:0,(anonymous_1)
FNDA:0,(anonymous_2)
FNDA:0,(anonymous_3)
FNDA:0,(anonymous_4)
FNDA:0,(anonymous_5)
FNDA:0,(anonymous_6)
DA:2,2
DA:9,2
DA:10,4
DA:16,0
DA:20,0
DA:32,0
DA:39,0
DA:46,0
DA:53,0
DA:61,0
DA:68,0
DA:74,0
LF:12
LH:3
BRDA:46,0,0,0
BRDA:46,0,1,0
BRF:2
BRH:0
end_of_record
TN:
SF:src\adapters\outbound\persistence\repositories\RouteRepository.ts
FN:10,(anonymous_0)
FN:15,(anonymous_1)
FN:39,(anonymous_2)
FN:50,(anonymous_3)
FN:61,(anonymous_4)
FN:72,(anonymous_5)
FN:93,(anonymous_6)
FN:114,(anonymous_7)
FN:116,(anonymous_8)
FN:133,(anonymous_9)
FN:143,(anonymous_10)
FNF:11
FNH:4
FNDA:4,(anonymous_0)
FNDA:3,(anonymous_1)
FNDA:0,(anonymous_2)
FNDA:0,(anonymous_3)
FNDA:2,(anonymous_4)
FNDA:0,(anonymous_5)
FNDA:0,(anonymous_6)
FNDA:0,(anonymous_7)
FNDA:0,(anonymous_8)
FNDA:2,(anonymous_9)
FNDA:0,(anonymous_10)
DA:2,2
DA:9,2
DA:10,4
DA:16,3
DA:18,3
DA:19,1
DA:21,3
DA:22,0
DA:24,3
DA:25,1
DA:28,3
DA:33,0
DA:40,0
DA:44,0
DA:51,0
DA:55,0
DA:62,2
DA:66,0
DA:73,0
DA:87,0
DA:94,0
DA:108,0
DA:116,0
DA:118,0
DA:124,0
DA:130,0
DA:134,2
DA:144,0
LF:28
LH:12
BRDA:18,0,0,1
BRDA:18,0,1,2
BRDA:21,1,0,0
BRDA:21,1,1,3
BRDA:24,2,0,1
BRDA:24,2,1,2
BRDA:44,3,0,0
BRDA:44,3,1,0
BRDA:55,4,0,0
BRDA:55,4,1,0
BRDA:66,5,0,0
BRDA:66,5,1,0
BRF:12
BRH:5
end_of_record
TN:
SF:src\config\constants.ts
FNF:0
FNH:0
DA:6,2
DA:37,2
LF:2
LH:2
BRF:0
BRH:0
end_of_record
TN:
SF:src\core\domain\entities\BankEntry.ts
FN:6,(anonymous_0)
FN:21,(anonymous_1)
FN:31,(anonymous_2)
FN:38,(anonymous_3)
FNF:4
FNH:4
FNDA:11,(anonymous_0)
FNDA:6,(anonymous_1)
FNDA:2,(anonymous_2)
FNDA:2,(anonymous_3)
DA:5,9
DA:7,11
DA:8,11
DA:9,11
DA:10,11
DA:11,11
DA:13,11
DA:14,2
DA:22,6
DA:23,1
DA:25,5
DA:32,2
DA:39,2
LF:13
LH:13
BRDA:11,0,0,2
BRDA:13,1,0,2
BRDA:13,1,1,9
BRDA:22,2,0,1
BRDA:22,2,1,5
BRDA:39,3,0,1
BRDA:39,3,1,1
BRF:7
BRH:7
end_of_record
TN:
SF:src\core\domain\entities\Pool.ts
FN:16,(anonymous_0)
FN:30,(anonymous_1)
FN:55,(anonymous_2)
FN:56,(anonymous_3)
FN:62,(anonymous_4)
FN:63,(anonymous_5)
FN:70,(anonymous_6)
FNF:7
FNH:7
FNDA:10,(anonymous_0)
FNDA:10,(anonymous_1)
FNDA:11,(anonymous_2)
FNDA:22,(anonymous_3)
FNDA:2,(anonymous_4)
FNDA:4,(anonymous_5)
FNDA:1,(anonymous_6)
DA:15,4
DA:17,10
DA:18,10
DA:19,10
DA:21,10
DA:31,10
DA:32,1
DA:36,9
DA:37,9
DA:38,1
DA:42,8
DA:43,15
DA:44,1
DA:46,14
DA:47,1
DA:56,22
DA:63,4
DA:71,1
DA:72,1
DA:73,1
LF:20
LH:20
BRDA:31,0,0,1
BRDA:31,0,1,9
BRDA:37,1,0,1
BRDA:37,1,1,8
BRDA:43,2,0,1
BRDA:43,2,1,14
BRDA:43,3,0,15
BRDA:43,3,1,7
BRDA:46,4,0,1
BRDA:46,4,1,13
BRDA:46,5,0,14
BRDA:46,5,1,8
BRF:12
BRH:12
end_of_record
TN:
SF:src\core\domain\entities\Route.ts
FN:6,(anonymous_0)
FN:21,(anonymous_1)
FN:37,(anonymous_2)
FN:45,(anonymous_3)
FN:52,(anonymous_4)
FNF:5
FNH:5
FNDA:29,(anonymous_0)
FNDA:29,(anonymous_1)
FNDA:5,(anonymous_2)
FNDA:1,(anonymous_3)
FNDA:1,(anonymous_4)
DA:5,9
DA:7,29
DA:8,29
DA:9,29
DA:10,29
DA:11,29
DA:12,29
DA:13,29
DA:14,29
DA:15,29
DA:16,29
DA:18,29
DA:22,29
DA:23,1
DA:25,28
DA:26,1
DA:28,27
DA:29,1
DA:38,5
DA:39,5
DA:46,1
DA:53,1
LF:22
LH:22
BRDA:16,0,0,4
BRDA:22,1,0,1
BRDA:22,1,1,28
BRDA:25,2,0,1
BRDA:25,2,1,27
BRDA:28,3,0,1
BRDA:28,3,1,26
BRF:7
BRH:7
end_of_record
TN:
SF:src\core\domain\entities\ShipCompliance.ts
FN:6,(anonymous_0)
FN:16,(anonymous_1)
FN:23,(anonymous_2)
FN:30,(anonymous_3)
FN:37,(anonymous_4)
FNF:5
FNH:5
FNDA:32,(anonymous_0)
FNDA:3,(anonymous_1)
FNDA:3,(anonymous_2)
FNDA:2,(anonymous_3)
FNDA:4,(anonymous_4)
DA:5,9
DA:7,32
DA:8,32
DA:9,32
DA:10,32
DA:17,3
DA:24,3
DA:31,2
DA:38,4
LF:9
LH:9
BRF:0
BRH:0
end_of_record
TN:
SF:src\core\domain\value-objects\ComplianceBalance.ts
FN:6,(anonymous_0)
FN:23,(anonymous_1)
FN:30,(anonymous_2)
FN:37,(anonymous_3)
FNF:4
FNH:4
FNDA:14,(anonymous_0)
FNDA:7,(anonymous_1)
FNDA:2,(anonymous_2)
FNDA:2,(anonymous_3)
DA:5,4
DA:7,14
DA:8,14
DA:9,14
DA:11,14
DA:12,3
DA:24,7
DA:31,2
DA:38,2
LF:9
LH:9
BRDA:11,0,0,3
BRDA:11,0,1,11
BRDA:11,1,0,14
BRDA:11,1,1,13
BRDA:11,1,2,12
BRF:5
BRH:5
end_of_record
TN:
SF:src\core\domain\value-objects\GhgIntensity.ts
FN:6,(anonymous_0)
FN:15,(anonymous_1)
FN:22,(anonymous_2)
FN:29,(anonymous_3)
FNF:4
FNH:0
FNDA:0,(anonymous_0)
FNDA:0,(anonymous_1)
FNDA:0,(anonymous_2)
FNDA:0,(anonymous_3)
DA:5,2
DA:6,0
DA:7,0
DA:8,0
DA:16,0
DA:23,0
DA:30,0
LF:7
LH:1
BRDA:7,0,0,0
BRDA:7,0,1,0
BRF:2
BRH:0
end_of_record
TN:
SF:src\core\use-cases\banking\ApplyBanked.ts
FN:21,(anonymous_0)
FN:26,(anonymous_1)
FNF:2
FNH:2
FNDA:9,(anonymous_0)
FNDA:6,(anonymous_1)
DA:20,3
DA:22,9
DA:23,9
DA:28,6
DA:33,5
DA:34,1
DA:38,4
DA:40,4
DA:41,1
DA:46,3
DA:47,1
DA:50,2
DA:53,2
DA:54,2
DA:57,2
DA:58,2
DA:60,2
DA:61,2
DA:63,2
DA:64,0
DA:65,0
DA:66,0
DA:69,2
DA:70,2
DA:71,2
DA:75,2
LF:26
LH:23
BRDA:33,0,0,1
BRDA:33,0,1,4
BRDA:40,1,0,1
BRDA:40,1,1,3
BRDA:46,2,0,1
BRDA:46,2,1,2
BRDA:61,3,0,0
BRDA:61,3,1,2
BRDA:63,4,0,0
BRDA:63,4,1,2
BRF:10
BRH:8
end_of_record
TN:
SF:src\core\use-cases\banking\BankSurplus.ts
FN:11,(anonymous_0)
FN:16,(anonymous_1)
FNF:2
FNH:2
FNDA:10,(anonymous_0)
FNDA:6,(anonymous_1)
DA:10,3
DA:12,10
DA:13,10
DA:17,6
DA:18,1
DA:21,5
DA:22,4
DA:23,0
DA:26,4
DA:27,1
DA:30,3
DA:31,1
DA:35,2
DA:36,2
DA:39,2
DA:41,0
LF:16
LH:14
BRDA:17,0,0,1
BRDA:17,0,1,5
BRDA:22,1,0,0
BRDA:22,1,1,4
BRDA:26,2,0,1
BRDA:26,2,1,3
BRDA:30,3,0,1
BRDA:30,3,1,2
BRF:8
BRH:7
end_of_record
TN:
SF:src\core\use-cases\compliance\ComputeCB.ts
FN:19,(anonymous_0)
FN:24,(anonymous_1)
FNF:2
FNH:2
FNDA:8,(anonymous_0)
FNDA:5,(anonymous_1)
DA:1,3
DA:2,3
DA:16,3
DA:17,8
DA:20,8
DA:21,8
DA:26,5
DA:27,5
DA:28,1
DA:32,4
DA:35,4
DA:42,4
DA:45,4
DA:50,4
DA:52,1
DA:53,1
DA:56,3
DA:57,3
LF:18
LH:18
BRDA:27,0,0,1
BRDA:27,0,1,4
BRDA:50,1,0,1
BRDA:50,1,1,3
BRF:4
BRH:4
end_of_record
TN:
SF:src\core\use-cases\compliance\GetAdjustedCB.ts
FN:5,(anonymous_0)
FN:10,(anonymous_1)
FNF:2
FNH:1
FNDA:4,(anonymous_0)
FNDA:0,(anonymous_1)
DA:4,2
DA:6,4
DA:7,4
DA:12,0
DA:13,0
DA:16,0
LF:6
LH:3
BRF:0
BRH:0
end_of_record
TN:
SF:src\core\use-cases\pooling\CreatePool.ts
FN:21,(anonymous_0)
FN:26,(anonymous_1)
FN:33,(anonymous_2)
FN:50,(anonymous_3)
FN:69,(anonymous_4)
FN:71,(anonymous_5)
FN:74,(anonymous_6)
FN:75,(anonymous_7)
FN:78,(anonymous_8)
FNF:9
FNH:9
FNDA:10,(anonymous_0)
FNDA:5,(anonymous_1)
FNDA:8,(anonymous_2)
FNDA:6,(anonymous_3)
FNDA:2,(anonymous_4)
FNDA:2,(anonymous_5)
FNDA:4,(anonymous_6)
FNDA:4,(anonymous_7)
FNDA:4,(anonymous_8)
DA:1,3
DA:20,3
DA:22,10
DA:23,10
DA:27,5
DA:28,1
DA:32,4
DA:34,8
DA:38,8
DA:39,1
DA:41,7
DA:50,6
DA:51,3
DA:52,1
DA:56,2
DA:59,2
DA:62,2
DA:71,2
DA:74,4
DA:75,4
DA:78,2
DA:79,4
DA:83,2
DA:84,2
DA:86,2
DA:87,2
DA:88,2
DA:90,2
DA:91,2
DA:93,2
DA:94,2
DA:95,2
DA:99,2
LF:33
LH:33
BRDA:27,0,0,1
BRDA:27,0,1,4
BRDA:38,1,0,1
BRDA:38,1,1,7
BRDA:51,2,0,1
BRDA:51,2,1,2
BRDA:87,3,0,0
BRDA:87,3,1,2
BRDA:88,4,0,0
BRDA:88,4,1,2
BRF:10
BRH:8
end_of_record
TN:
SF:src\core\use-cases\routes\CompareRoutes.ts
FN:22,(anonymous_0)
FN:24,(anonymous_1)
FN:35,(anonymous_2)
FN:40,(anonymous_3)
FNF:4
FNH:2
FNDA:4,(anonymous_0)
FNDA:2,(anonymous_1)
FNDA:0,(anonymous_2)
FNDA:0,(anonymous_3)
DA:2,2
DA:19,2
DA:20,4
DA:22,4
DA:26,2
DA:27,0
DA:28,0
DA:32,0
DA:35,0
DA:38,0
DA:40,0
DA:41,0
DA:42,0
DA:43,0
DA:45,0
DA:52,0
LF:16
LH:5
BRDA:27,0,0,0
BRDA:27,0,1,0
BRF:2
BRH:0
end_of_record
TN:
SF:src\core\use-cases\routes\GetAllRoutes.ts
FN:9,(anonymous_0)
FN:11,(anonymous_1)
FNF:2
FNH:2
FNDA:9,(anonymous_0)
FNDA:8,(anonymous_1)
DA:8,3
DA:9,9
DA:12,8
LF:3
LH:3
BRF:0
BRH:0
end_of_record
TN:
SF:src\core\use-cases\routes\SetBaseline.ts
FN:4,(anonymous_0)
FN:6,(anonymous_1)
FNF:2
FNH:2
FNDA:7,(anonymous_0)
FNDA:5,(anonymous_1)
DA:3,3
DA:4,7
DA:7,5
LF:3
LH:3
BRDA:6,0,0,5
BRF:1
BRH:1
end_of_record
TN:
SF:tests\helpers\mockRepositories.ts
FN:17,(anonymous_0)
FN:21,(anonymous_1)
FN:23,(anonymous_2)
FN:24,(anonymous_3)
FN:25,(anonymous_4)
FN:29,(anonymous_5)
FN:30,(anonymous_6)
FN:33,(anonymous_7)
FN:34,(anonymous_8)
FN:37,(anonymous_9)
FN:38,(anonymous_10)
FN:41,(anonymous_11)
FN:46,(anonymous_12)
FN:47,(anonymous_13)
FN:54,(anonymous_14)
FN:55,(anonymous_15)
FN:64,(anonymous_16)
FN:68,(anonymous_17)
FN:79,(anonymous_18)
FN:83,(anonymous_19)
FN:85,(anonymous_20)
FN:89,(anonymous_21)
FN:94,(anonymous_22)
FN:95,(anonymous_23)
FN:102,(anonymous_24)
FN:113,(anonymous_25)
FN:117,(anonymous_26)
FN:118,(anonymous_27)
FN:121,(anonymous_28)
FN:123,(anonymous_29)
FN:124,(anonymous_30)
FN:127,(anonymous_31)
FN:132,(anonymous_32)
FN:133,(anonymous_33)
FN:140,(anonymous_34)
FN:142,(anonymous_35)
FN:143,(anonymous_36)
FN:150,(anonymous_37)
FN:153,(anonymous_38)
FN:158,(anonymous_39)
FN:159,(anonymous_40)
FN:162,(anonymous_41)
FN:163,(anonymous_42)
FNF:43
FNH:29
FNDA:12,(anonymous_0)
FNDA:5,(anonymous_1)
FNDA:6,(anonymous_2)
FNDA:3,(anonymous_3)
FNDA:4,(anonymous_4)
FNDA:0,(anonymous_5)
FNDA:0,(anonymous_6)
FNDA:9,(anonymous_7)
FNDA:13,(anonymous_8)
FNDA:0,(anonymous_9)
FNDA:0,(anonymous_10)
FNDA:0,(anonymous_11)
FNDA:0,(anonymous_12)
FNDA:0,(anonymous_13)
FNDA:3,(anonymous_14)
FNDA:9,(anonymous_15)
FNDA:3,(anonymous_16)
FNDA:0,(anonymous_17)
FNDA:21,(anonymous_18)
FNDA:21,(anonymous_19)
FNDA:22,(anonymous_20)
FNDA:3,(anonymous_21)
FNDA:3,(anonymous_22)
FNDA:3,(anonymous_23)
FNDA:1,(anonymous_24)
FNDA:10,(anonymous_25)
FNDA:1,(anonymous_26)
FNDA:1,(anonymous_27)
FNDA:2,(anonymous_28)
FNDA:2,(anonymous_29)
FNDA:0,(anonymous_30)
FNDA:0,(anonymous_31)
FNDA:2,(anonymous_32)
FNDA:2,(anonymous_33)
FNDA:4,(anonymous_34)
FNDA:4,(anonymous_35)
FNDA:4,(anonymous_36)
FNDA:5,(anonymous_37)
FNDA:2,(anonymous_38)
FNDA:0,(anonymous_39)
FNDA:0,(anonymous_40)
FNDA:0,(anonymous_41)
FNDA:0,(anonymous_42)
DA:13,6
DA:14,12
DA:18,12
DA:22,5
DA:23,6
DA:24,5
DA:25,5
DA:26,5
DA:30,0
DA:34,13
DA:38,0
DA:42,0
DA:43,0
DA:47,0
DA:48,0
DA:49,0
DA:51,0
DA:55,9
DA:57,3
DA:58,3
DA:59,2
DA:60,2
DA:65,3
DA:69,0
DA:76,6
DA:77,21
DA:80,21
DA:84,21
DA:85,22
DA:90,3
DA:91,3
DA:95,3
DA:96,3
DA:97,3
DA:99,3
DA:103,1
DA:110,6
DA:111,10
DA:114,10
DA:118,1
DA:122,2
DA:123,2
DA:124,0
DA:128,0
DA:129,0
DA:133,2
DA:134,2
DA:135,2
DA:137,2
DA:141,4
DA:142,4
DA:143,4
DA:150,6
DA:151,5
DA:154,2
DA:155,2
DA:159,0
DA:163,0
LF:58
LH:44
BRDA:17,0,0,0
BRDA:23,1,0,2
BRDA:23,1,1,3
BRDA:24,2,0,1
BRDA:24,2,1,4
BRDA:25,3,0,2
BRDA:25,3,1,3
BRDA:30,4,0,0
BRDA:30,4,1,0
BRDA:34,5,0,9
BRDA:34,5,1,2
BRDA:38,6,0,0
BRDA:38,6,1,0
BRDA:48,7,0,0
BRDA:48,7,1,0
BRDA:58,8,0,1
BRDA:58,8,1,2
BRDA:79,9,0,4
BRDA:85,10,0,21
BRDA:85,10,1,5
BRDA:85,11,0,22
BRDA:85,11,1,16
BRDA:96,12,0,3
BRDA:96,12,1,0
BRDA:113,13,0,5
BRDA:118,14,0,1
BRDA:118,14,1,1
BRDA:123,15,0,2
BRDA:123,15,1,2
BRDA:134,16,0,2
BRDA:134,16,1,0
BRDA:142,17,0,4
BRDA:142,17,1,4
BRDA:159,18,0,0
BRDA:159,18,1,0
BRF:35
BRH:24
end_of_record
TN:
SF:tests\helpers\testData.ts
FN:10,(anonymous_0)
FN:25,(anonymous_1)
FN:36,(anonymous_2)
FNF:3
FNH:3
FNDA:22,(anonymous_0)
FNDA:23,(anonymous_1)
FNDA:5,(anonymous_2)
DA:1,6
DA:2,6
DA:3,6
DA:10,6
DA:11,22
DA:25,6
DA:28,23
DA:36,6
DA:37,5
DA:46,6
LF:10
LH:10
BRDA:12,0,0,22
BRDA:12,0,1,4
BRDA:13,1,0,22
BRDA:13,1,1,0
BRDA:14,2,0,22
BRDA:14,2,1,4
BRDA:15,3,0,22
BRDA:15,3,1,4
BRDA:16,4,0,22
BRDA:16,4,1,4
BRDA:17,5,0,22
BRDA:17,5,1,0
BRDA:18,6,0,22
BRDA:18,6,1,0
BRDA:19,7,0,22
BRDA:19,7,1,22
BRDA:20,8,0,22
BRDA:20,8,1,22
BRDA:21,9,0,22
BRDA:21,9,1,4
BRDA:29,10,0,23
BRDA:29,10,1,23
BRDA:30,11,0,23
BRDA:30,11,1,0
BRDA:31,12,0,23
BRDA:31,12,1,0
BRDA:32,13,0,23
BRDA:32,13,1,0
BRDA:38,14,0,5
BRDA:38,14,1,5
BRDA:39,15,0,5
BRDA:39,15,1,0
BRDA:40,16,0,5
BRDA:40,16,1,0
BRDA:41,17,0,5
BRDA:41,17,1,0
BRDA:42,18,0,5
BRDA:42,18,1,0
BRF:38
BRH:28
end_of_record
